{"timestamp":"2026-06-14T22:10:52.027Z","user":"anonymous","operation":"POST /register","parameters":{"email":"testuser@test.com","password":"***"},"executionTime":126,"status":201}
{"timestamp":"2026-06-14T22:10:52.069Z","user":"6a2f26eb55e99f0fc427a640","operation":"POST /recalculate","parameters":{},"executionTime":11,"status":200}
{"timestamp":"2026-06-14T22:10:52.092Z","user":"6a2f26eb55e99f0fc427a640","operation":"POST /buy","parameters":{"playerId":"6a2f26ec55e99f0fc427a641","tokens":5},"executionTime":19,"status":201}
{"timestamp":"2026-06-14T22:10:52.297Z","user":"anonymous","operation":"POST /register","parameters":{"email":"testuser@test.com","password":"***"},"executionTime":93,"status":201}
{"timestamp":"2026-06-14T22:10:52.352Z","user":"6a2f26ec55e99f0fc427a64a","operation":"POST /recalculate","parameters":{},"executionTime":14,"status":200}
{"timestamp":"2026-06-14T22:10:52.360Z","user":"6a2f26ec55e99f0fc427a64a","operation":"POST /orders/buy","parameters":{"playerId":"not-an-object-id","tokens":5},"executionTime":3,"status":400}
{"timestamp":"2026-06-14T22:10:52.559Z","user":"anonymous","operation":"POST /register","parameters":{"email":"testuser@test.com","password":"***"},"executionTime":89,"status":201}
{"timestamp":"2026-06-14T22:10:52.610Z","user":"6a2f26ec55e99f0fc427a652","operation":"POST /recalculate","parameters":{},"executionTime":14,"status":200}
{"timestamp":"2026-06-14T22:10:52.616Z","user":"6a2f26ec55e99f0fc427a652","operation":"POST /orders/buy","parameters":{"playerId":"6a2f26ec55e99f0fc427a653","tokens":0},"executionTime":2,"status":400}
{"timestamp":"2026-06-14T22:10:52.827Z","user":"anonymous","operation":"POST /register","parameters":{"email":"testuser@test.com","password":"***"},"executionTime":92,"status":201}
{"timestamp":"2026-06-14T22:10:52.876Z","user":"6a2f26ec55e99f0fc427a65a","operation":"POST /recalculate","parameters":{},"executionTime":14,"status":200}
{"timestamp":"2026-06-14T22:10:52.887Z","user":"6a2f26ec55e99f0fc427a65a","operation":"POST /orders/buy","parameters":{"playerId":"6a2f26ec55e99f0fc427a65b","tokens":999},"executionTime":7,"status":409}
{"timestamp":"2026-06-14T22:10:53.094Z","user":"anonymous","operation":"POST /register","parameters":{"email":"testuser@test.com","password":"***"},"executionTime":93,"status":201}
{"timestamp":"2026-06-14T22:10:53.146Z","user":"6a2f26ed55e99f0fc427a662","operation":"POST /recalculate","parameters":{},"executionTime":16,"status":200}
{"timestamp":"2026-06-14T22:10:53.171Z","user":"6a2f26ed55e99f0fc427a662","operation":"POST /buy","parameters":{"playerId":"6a2f26ed55e99f0fc427a663","tokens":3},"executionTime":22,"status":201}
{"timestamp":"2026-06-14T22:10:53.177Z","user":"6a2f26ed55e99f0fc427a662","operation":"POST /buy","parameters":{"playerId":"6a2f26ed55e99f0fc427a663","tokens":3},"executionTime":3,"status":201}
{"timestamp":"2026-06-14T22:10:53.387Z","user":"anonymous","operation":"POST /register","parameters":{"email":"testuser@test.com","password":"***"},"executionTime":94,"status":201}
{"timestamp":"2026-06-14T22:10:53.437Z","user":"6a2f26ed55e99f0fc427a66c","operation":"POST /recalculate","parameters":{},"executionTime":14,"status":200}
{"timestamp":"2026-06-14T22:10:53.445Z","user":"6a2f26ed55e99f0fc427a66c","operation":"POST /orders/buy","parameters":{"playerId":"6a2f26ed55e99f0fc427a673","tokens":1},"executionTime":3,"status":404}
{"timestamp":"2026-06-14T22:10:53.653Z","user":"anonymous","operation":"POST /register","parameters":{"email":"testuser@test.com","password":"***"},"executionTime":95,"status":201}
{"timestamp":"2026-06-14T22:10:53.706Z","user":"6a2f26ed55e99f0fc427a675","operation":"POST /recalculate","parameters":{},"executionTime":19,"status":200}
{"timestamp":"2026-06-14T22:10:53.732Z","user":"6a2f26ed55e99f0fc427a675","operation":"POST /buy","parameters":{"playerId":"6a2f26ed55e99f0fc427a676","tokens":5},"executionTime":22,"status":201}
{"timestamp":"2026-06-14T22:10:53.746Z","user":"6a2f26ed55e99f0fc427a675","operation":"POST /buy","parameters":{"playerId":"6a2f26ed55e99f0fc427a676","tokens":5},"executionTime":11,"status":201}
{"timestamp":"2026-06-14T22:10:53.756Z","user":"6a2f26ed55e99f0fc427a675","operation":"GET /6a2f26ed55e99f0fc427a675/portfolio","parameters":{"id":"6a2f26ed55e99f0fc427a675"},"executionTime":7,"status":200}
{"timestamp":"2026-06-14T22:10:54.155Z","user":"anonymous","operation":"POST /register","parameters":{"email":"testuser@test.com","password":"***"},"executionTime":90,"status":201}
{"timestamp":"2026-06-14T22:10:54.207Z","user":"6a2f26ee55e99f0fc427a680","operation":"POST /recalculate","parameters":{},"executionTime":14,"status":200}
{"timestamp":"2026-06-14T22:10:54.231Z","user":"6a2f26ee55e99f0fc427a680","operation":"POST /buy","parameters":{"playerId":"6a2f26ee55e99f0fc427a681","tokens":10},"executionTime":20,"status":201}
{"timestamp":"2026-06-14T22:10:54.247Z","user":"6a2f26ee55e99f0fc427a680","operation":"POST /sell","parameters":{"playerId":"6a2f26ee55e99f0fc427a681","tokens":4},"executionTime":13,"status":201}
{"timestamp":"2026-06-14T22:10:54.445Z","user":"anonymous","operation":"POST /register","parameters":{"email":"testuser@test.com","password":"***"},"executionTime":88,"status":201}
{"timestamp":"2026-06-14T22:10:54.493Z","user":"6a2f26ee55e99f0fc427a68b","operation":"POST /recalculate","parameters":{},"executionTime":14,"status":200}
{"timestamp":"2026-06-14T22:10:54.516Z","user":"6a2f26ee55e99f0fc427a68b","operation":"POST /buy","parameters":{"playerId":"6a2f26ee55e99f0fc427a68c","tokens":10},"executionTime":19,"status":201}
{"timestamp":"2026-06-14T22:10:54.525Z","user":"6a2f26ee55e99f0fc427a68b","operation":"POST /orders/sell","parameters":{"playerId":"6a2f26ee55e99f0fc427a68c","tokens":999},"executionTime":6,"status":409}
{"timestamp":"2026-06-14T22:10:54.747Z","user":"anonymous","operation":"POST /register","parameters":{"email":"testuser@test.com","password":"***"},"executionTime":88,"status":201}
{"timestamp":"2026-06-14T22:10:54.796Z","user":"6a2f26ee55e99f0fc427a695","operation":"POST /recalculate","parameters":{},"executionTime":14,"status":200}
{"timestamp":"2026-06-14T22:10:54.819Z","user":"6a2f26ee55e99f0fc427a695","operation":"POST /buy","parameters":{"playerId":"6a2f26ee55e99f0fc427a696","tokens":10},"executionTime":19,"status":201}
{"timestamp":"2026-06-14T22:10:54.910Z","user":"anonymous","operation":"POST /register","parameters":{"email":"nobuy@test.com","password":"***"},"executionTime":87,"status":201}
{"timestamp":"2026-06-14T22:10:54.918Z","user":"6a2f26ee55e99f0fc427a69e","operation":"POST /orders/sell","parameters":{"playerId":"6a2f26ee55e99f0fc427a696","tokens":1},"executionTime":4,"status":409}
{"timestamp":"2026-06-14T22:10:55.121Z","user":"anonymous","operation":"POST /register","parameters":{"email":"testuser@test.com","password":"***"},"executionTime":90,"status":201}
{"timestamp":"2026-06-14T22:10:55.178Z","user":"6a2f26ef55e99f0fc427a6a0","operation":"POST /recalculate","parameters":{},"executionTime":15,"status":200}
{"timestamp":"2026-06-14T22:10:55.201Z","user":"6a2f26ef55e99f0fc427a6a0","operation":"POST /buy","parameters":{"playerId":"6a2f26ef55e99f0fc427a6a1","tokens":10},"executionTime":20,"status":201}
{"timestamp":"2026-06-14T22:10:55.215Z","user":"6a2f26ef55e99f0fc427a6a0","operation":"POST /sell","parameters":{"playerId":"6a2f26ef55e99f0fc427a6a1","tokens":2},"executionTime":11,"status":201}
{"timestamp":"2026-06-14T22:10:55.230Z","user":"6a2f26ef55e99f0fc427a6a0","operation":"POST /sell","parameters":{"playerId":"6a2f26ef55e99f0fc427a6a1","tokens":2},"executionTime":11,"status":201}
{"timestamp":"2026-06-14T22:10:57.507Z","user":"anonymous","operation":"POST /register","parameters":{"email":"testuser@test.com","password":"***"},"executionTime":128,"status":201}
{"timestamp":"2026-06-14T22:10:57.544Z","user":"6a2f26f1a2892c49725901d0","operation":"POST /recalculate","parameters":{},"executionTime":7,"status":200}
{"timestamp":"2026-06-14T22:10:57.561Z","user":"6a2f26f1a2892c49725901d0","operation":"POST /buy","parameters":{"playerId":"6a2f26f1a2892c49725901d1","tokens":5},"executionTime":14,"status":201}
{"timestamp":"2026-06-14T22:10:57.569Z","user":"6a2f26f1a2892c49725901d0","operation":"GET /6a2f26f1a2892c49725901d0/portfolio","parameters":{"id":"6a2f26f1a2892c49725901d0"},"executionTime":5,"status":200}
{"timestamp":"2026-06-14T22:10:57.773Z","user":"anonymous","operation":"POST /register","parameters":{"email":"testuser@test.com","password":"***"},"executionTime":90,"status":201}
{"timestamp":"2026-06-14T22:10:57.821Z","user":"6a2f26f1a2892c49725901da","operation":"POST /recalculate","parameters":{},"executionTime":13,"status":200}
{"timestamp":"2026-06-14T22:10:57.844Z","user":"6a2f26f1a2892c49725901da","operation":"POST /buy","parameters":{"playerId":"6a2f26f1a2892c49725901db","tokens":5},"executionTime":20,"status":201}
{"timestamp":"2026-06-14T22:10:57.848Z","user":"6a2f26f1a2892c49725901da","operation":"GET /6a2f26f1a2892c49725901e3/portfolio","parameters":{"id":"6a2f26f1a2892c49725901e3"},"executionTime":1,"status":403}
{"timestamp":"2026-06-14T22:10:58.047Z","user":"anonymous","operation":"POST /register","parameters":{"email":"testuser@test.com","password":"***"},"executionTime":88,"status":201}
{"timestamp":"2026-06-14T22:10:58.094Z","user":"6a2f26f2a2892c49725901e5","operation":"POST /recalculate","parameters":{},"executionTime":12,"status":200}
{"timestamp":"2026-06-14T22:10:58.128Z","user":"6a2f26f2a2892c49725901e5","operation":"POST /buy","parameters":{"playerId":"6a2f26f2a2892c49725901e6","tokens":5},"executionTime":31,"status":201}
{"timestamp":"2026-06-14T22:10:58.218Z","user":"anonymous","operation":"POST /register","parameters":{"email":"noholdings@test.com","password":"***"},"executionTime":86,"status":201}
{"timestamp":"2026-06-14T22:10:58.224Z","user":"6a2f26f2a2892c49725901ee","operation":"GET /6a2f26f2a2892c49725901ee/portfolio","parameters":{"id":"6a2f26f2a2892c49725901ee"},"executionTime":2,"status":200}
{"timestamp":"2026-06-14T22:10:58.425Z","user":"anonymous","operation":"POST /register","parameters":{"email":"testuser@test.com","password":"***"},"executionTime":87,"status":201}
{"timestamp":"2026-06-14T22:10:58.472Z","user":"6a2f26f2a2892c49725901f0","operation":"POST /recalculate","parameters":{},"executionTime":13,"status":200}
{"timestamp":"2026-06-14T22:10:58.495Z","user":"6a2f26f2a2892c49725901f0","operation":"POST /buy","parameters":{"playerId":"6a2f26f2a2892c49725901f1","tokens":5},"executionTime":19,"status":201}
{"timestamp":"2026-06-14T22:10:58.504Z","user":"6a2f26f2a2892c49725901f0","operation":"POST /recalculate","parameters":{},"executionTime":6,"status":200}
{"timestamp":"2026-06-14T22:10:58.517Z","user":"6a2f26f2a2892c49725901f0","operation":"POST /buy","parameters":{"playerId":"6a2f26f2a2892c49725901f2","tokens":3},"executionTime":10,"status":201}
{"timestamp":"2026-06-14T22:10:58.524Z","user":"6a2f26f2a2892c49725901f0","operation":"GET /6a2f26f2a2892c49725901f0/portfolio","parameters":{"id":"6a2f26f2a2892c49725901f0"},"executionTime":4,"status":200}
{"timestamp":"2026-06-14T22:10:58.722Z","user":"anonymous","operation":"POST /register","parameters":{"email":"testuser@test.com","password":"***"},"executionTime":89,"status":201}
{"timestamp":"2026-06-14T22:10:58.786Z","user":"6a2f26f2a2892c49725901fe","operation":"POST /recalculate","parameters":{},"executionTime":27,"status":200}
{"timestamp":"2026-06-14T22:10:58.809Z","user":"6a2f26f2a2892c49725901fe","operation":"POST /buy","parameters":{"playerId":"6a2f26f2a2892c49725901ff","tokens":5},"executionTime":20,"status":201}
{"timestamp":"2026-06-14T22:10:58.820Z","user":"6a2f26f2a2892c49725901fe","operation":"POST /recalculate","parameters":{"strategy":"PositionAware"},"executionTime":7,"status":200}
{"timestamp":"2026-06-14T22:10:58.825Z","user":"6a2f26f2a2892c49725901fe","operation":"GET /6a2f26f2a2892c49725901fe/portfolio","parameters":{"id":"6a2f26f2a2892c49725901fe"},"executionTime":3,"status":200}
{"timestamp":"2026-06-14T22:10:59.037Z","user":"anonymous","operation":"POST /register","parameters":{"email":"testuser@test.com","password":"***"},"executionTime":87,"status":201}
{"timestamp":"2026-06-14T22:10:59.088Z","user":"6a2f26f3a2892c497259020a","operation":"POST /recalculate","parameters":{},"executionTime":15,"status":200}
{"timestamp":"2026-06-14T22:10:59.111Z","user":"6a2f26f3a2892c497259020a","operation":"POST /buy","parameters":{"playerId":"6a2f26f3a2892c497259020b","tokens":3},"executionTime":20,"status":201}
{"timestamp":"2026-06-14T22:10:59.116Z","user":"6a2f26f3a2892c497259020a","operation":"GET /6a2f26f3a2892c497259020a/transactions","parameters":{"id":"6a2f26f3a2892c497259020a"},"executionTime":2,"status":200}
{"timestamp":"2026-06-14T22:10:59.316Z","user":"anonymous","operation":"POST /register","parameters":{"email":"testuser@test.com","password":"***"},"executionTime":90,"status":201}
{"timestamp":"2026-06-14T22:10:59.365Z","user":"6a2f26f3a2892c4972590214","operation":"POST /recalculate","parameters":{},"executionTime":14,"status":200}
{"timestamp":"2026-06-14T22:10:59.388Z","user":"6a2f26f3a2892c4972590214","operation":"POST /buy","parameters":{"playerId":"6a2f26f3a2892c4972590215","tokens":3},"executionTime":19,"status":201}
{"timestamp":"2026-06-14T22:10:59.392Z","user":"6a2f26f3a2892c4972590214","operation":"GET /6a2f26f3a2892c497259021d/transactions","parameters":{"id":"6a2f26f3a2892c497259021d"},"executionTime":0,"status":403}
{"timestamp":"2026-06-14T22:10:59.595Z","user":"anonymous","operation":"POST /register","parameters":{"email":"testuser@test.com","password":"***"},"executionTime":89,"status":201}
{"timestamp":"2026-06-14T22:10:59.644Z","user":"6a2f26f3a2892c497259021f","operation":"POST /recalculate","parameters":{},"executionTime":14,"status":200}
{"timestamp":"2026-06-14T22:10:59.665Z","user":"6a2f26f3a2892c497259021f","operation":"POST /buy","parameters":{"playerId":"6a2f26f3a2892c4972590220","tokens":3},"executionTime":18,"status":201}
{"timestamp":"2026-06-14T22:10:59.757Z","user":"anonymous","operation":"POST /register","parameters":{"email":"notx@test.com","password":"***"},"executionTime":89,"status":201}
{"timestamp":"2026-06-14T22:10:59.762Z","user":"6a2f26f3a2892c4972590228","operation":"GET /6a2f26f3a2892c4972590228/transactions","parameters":{"id":"6a2f26f3a2892c4972590228"},"executionTime":2,"status":200}
{"timestamp":"2026-06-14T22:10:59.972Z","user":"anonymous","operation":"POST /register","parameters":{"email":"testuser@test.com","password":"***"},"executionTime":94,"status":201}
{"timestamp":"2026-06-14T22:11:00.023Z","user":"6a2f26f3a2892c497259022a","operation":"POST /recalculate","parameters":{},"executionTime":15,"status":200}
{"timestamp":"2026-06-14T22:11:00.045Z","user":"6a2f26f3a2892c497259022a","operation":"POST /buy","parameters":{"playerId":"6a2f26f3a2892c497259022b","tokens":3},"executionTime":19,"status":201}
{"timestamp":"2026-06-14T22:11:00.141Z","user":"anonymous","operation":"POST /register","parameters":{"email":"notx@test.com","password":"***"},"executionTime":92,"status":201}
{"timestamp":"2026-06-14T22:11:00.147Z","user":"6a2f26f4a2892c4972590233","operation":"GET /6a2f26f4a2892c4972590233/transactions","parameters":{"id":"6a2f26f4a2892c4972590233"},"executionTime":2,"status":200}
{"timestamp":"2026-06-14T22:11:00.355Z","user":"anonymous","operation":"POST /register","parameters":{"email":"testuser@test.com","password":"***"},"executionTime":92,"status":201}
{"timestamp":"2026-06-14T22:11:00.583Z","user":"anonymous","operation":"POST /register","parameters":{"email":"testuser@test.com","password":"***"},"executionTime":85,"status":201}
{"timestamp":"2026-06-14T22:11:00.620Z","user":"6a2f26f4a2892c497259023b","operation":"POST /recalculate","parameters":{},"executionTime":12,"status":200}
{"timestamp":"2026-06-14T22:11:00.641Z","user":"6a2f26f4a2892c497259023b","operation":"POST /buy","parameters":{"playerId":"6a2f26f4a2892c497259023c","tokens":10},"executionTime":18,"status":201}
{"timestamp":"2026-06-14T22:11:00.651Z","user":"6a2f26f4a2892c497259023b","operation":"POST /sell","parameters":{"playerId":"6a2f26f4a2892c497259023c","tokens":3},"executionTime":8,"status":201}
{"timestamp":"2026-06-14T22:11:00.655Z","user":"6a2f26f4a2892c497259023b","operation":"GET /6a2f26f4a2892c497259023b/transactions","parameters":{"id":"6a2f26f4a2892c497259023b"},"executionTime":1,"status":200}
{"timestamp":"2026-06-14T22:11:00.805Z","user":"anonymous","operation":"POST /register","parameters":{"email":"testuser@test.com","password":"***"},"executionTime":65,"status":201}
{"timestamp":"2026-06-14T22:11:00.975Z","user":"anonymous","operation":"POST /register","parameters":{"email":"testuser@test.com","password":"***"},"executionTime":63,"status":201}
{"timestamp":"2026-06-14T22:11:01.020Z","user":"6a2f26f4a2892c4972590249","operation":"POST /recalculate","parameters":{},"executionTime":13,"status":200}
{"timestamp":"2026-06-14T22:11:01.040Z","user":"6a2f26f4a2892c4972590249","operation":"POST /buy","parameters":{"playerId":"6a2f26f4a2892c497259024a","tokens":10},"executionTime":17,"status":201}
{"timestamp":"2026-06-14T22:11:01.050Z","user":"6a2f26f4a2892c4972590249","operation":"POST /sell","parameters":{"playerId":"6a2f26f4a2892c497259024a","tokens":3},"executionTime":7,"status":201}
{"timestamp":"2026-06-14T22:11:01.055Z","user":"6a2f26f4a2892c4972590249","operation":"GET /6a2f26f4a2892c4972590249/transactions","parameters":{"id":"6a2f26f4a2892c4972590249"},"executionTime":2,"status":200}
{"timestamp":"2026-06-14T22:11:02.960Z","user":"anonymous","operation":"POST /register","parameters":{"email":"alice@test.com","password":"***"},"executionTime":145,"status":201}
{"timestamp":"2026-06-14T22:11:03.130Z","user":"anonymous","operation":"POST /register","parameters":{"email":"dup@test.com","password":"***"},"executionTime":95,"status":201}
{"timestamp":"2026-06-14T22:11:03.136Z","user":"anonymous","operation":"POST /auth/register","parameters":{"email":"dup@test.com","password":"***"},"executionTime":3,"status":409}
{"timestamp":"2026-06-14T22:11:03.148Z","user":"anonymous","operation":"POST /register","parameters":{"email":"only@test.com"},"executionTime":1,"status":400}
{"timestamp":"2026-06-14T22:11:03.248Z","user":"anonymous","operation":"POST /register","parameters":{"email":"bob@test.com","password":"***"},"executionTime":96,"status":201}
{"timestamp":"2026-06-14T22:11:03.333Z","user":"anonymous","operation":"POST /login","parameters":{"email":"bob@test.com","password":"***"},"executionTime":82,"status":200}
{"timestamp":"2026-06-14T22:11:03.434Z","user":"anonymous","operation":"POST /register","parameters":{"email":"bob@test.com","password":"***"},"executionTime":94,"status":201}
{"timestamp":"2026-06-14T22:11:03.516Z","user":"anonymous","operation":"POST /auth/login","parameters":{"email":"bob@test.com","password":"***"},"executionTime":79,"status":401}
{"timestamp":"2026-06-14T22:11:03.616Z","user":"anonymous","operation":"POST /register","parameters":{"email":"bob@test.com","password":"***"},"executionTime":94,"status":201}
{"timestamp":"2026-06-14T22:11:03.620Z","user":"anonymous","operation":"POST /auth/login","parameters":{"email":"nobody@test.com","password":"***"},"executionTime":1,"status":401}
{"timestamp":"2026-06-14T22:11:03.724Z","user":"anonymous","operation":"POST /register","parameters":{"email":"refresh@test.com","password":"***"},"executionTime":98,"status":201}
{"timestamp":"2026-06-14T22:11:03.733Z","user":"anonymous","operation":"POST /refresh","parameters":{"refreshToken":"***"},"executionTime":4,"status":200}
{"timestamp":"2026-06-14T22:11:03.834Z","user":"anonymous","operation":"POST /register","parameters":{"email":"refresh@test.com","password":"***"},"executionTime":94,"status":201}
{"timestamp":"2026-06-14T22:11:03.838Z","user":"anonymous","operation":"POST /auth/refresh","parameters":{"refreshToken":"***"},"executionTime":1,"status":401}
{"timestamp":"2026-06-14T22:11:03.939Z","user":"anonymous","operation":"POST /register","parameters":{"email":"refresh@test.com","password":"***"},"executionTime":94,"status":201}
{"timestamp":"2026-06-14T22:11:03.943Z","user":"anonymous","operation":"POST /refresh","parameters":{},"executionTime":0,"status":400}
{"timestamp":"2026-06-14T22:11:04.061Z","user":"anonymous","operation":"POST /register","parameters":{"email":"logout@test.com","password":"***"},"executionTime":111,"status":201}
{"timestamp":"2026-06-14T22:11:04.073Z","user":"anonymous","operation":"POST /logout","parameters":{"refreshToken":"***"},"executionTime":7,"status":204}
{"timestamp":"2026-06-14T22:11:04.183Z","user":"anonymous","operation":"POST /register","parameters":{"email":"logout@test.com","password":"***"},"executionTime":101,"status":201}
{"timestamp":"2026-06-14T22:11:04.192Z","user":"anonymous","operation":"POST /logout","parameters":{"refreshToken":"***"},"executionTime":5,"status":204}
{"timestamp":"2026-06-14T22:11:04.197Z","user":"anonymous","operation":"POST /auth/refresh","parameters":{"refreshToken":"***"},"executionTime":2,"status":401}
{"timestamp":"2026-06-14T22:11:04.317Z","user":"anonymous","operation":"POST /register","parameters":{"email":"logout@test.com","password":"***"},"executionTime":103,"status":201}
{"timestamp":"2026-06-14T22:11:04.321Z","user":"anonymous","operation":"POST /logout","parameters":{},"executionTime":0,"status":400}
{"timestamp":"2026-06-14T22:11:04.440Z","user":"anonymous","operation":"POST /register","parameters":{"email":"rotation@test.com","password":"***"},"executionTime":111,"status":201}
{"timestamp":"2026-06-14T22:11:05.951Z","user":"anonymous","operation":"POST /refresh","parameters":{"refreshToken":"***"},"executionTime":5,"status":200}
{"timestamp":"2026-06-14T22:11:05.956Z","user":"anonymous","operation":"POST /auth/refresh","parameters":{"refreshToken":"***"},"executionTime":2,"status":401}
{"timestamp":"2026-06-14T22:11:08.183Z","user":"anonymous","operation":"POST /register","parameters":{"email":"testuser@test.com","password":"***"},"executionTime":112,"status":201}
{"timestamp":"2026-06-14T22:11:08.228Z","user":"6a2f26fc8ffedbdf442eda2b","operation":"POST /recalculate","parameters":{},"executionTime":8,"status":200}
{"timestamp":"2026-06-14T22:11:08.459Z","user":"anonymous","operation":"POST /register","parameters":{"email":"testuser@test.com","password":"***"},"executionTime":106,"status":201}
{"timestamp":"2026-06-14T22:11:08.527Z","user":"6a2f26fc8ffedbdf442eda33","operation":"POST /recalculate","parameters":{"strategy":"PositionAware"},"executionTime":21,"status":200}
{"timestamp":"2026-06-14T22:11:08.763Z","user":"anonymous","operation":"POST /register","parameters":{"email":"testuser@test.com","password":"***"},"executionTime":106,"status":201}
{"timestamp":"2026-06-14T22:11:08.928Z","user":"anonymous","operation":"POST /register","parameters":{"email":"empty@test.com","password":"***"},"executionTime":108,"status":201}
{"timestamp":"2026-06-14T22:11:08.936Z","user":"6a2f26fc8ffedbdf442eda40","operation":"POST /recalculate","parameters":{},"executionTime":3,"status":200}
{"timestamp":"2026-06-14T22:11:09.146Z","user":"anonymous","operation":"POST /register","parameters":{"email":"testuser@test.com","password":"***"},"executionTime":99,"status":201}
{"timestamp":"2026-06-14T22:11:09.207Z","user":"6a2f26fd8ffedbdf442eda42","operation":"POST /recalculate","parameters":{},"executionTime":18,"status":200}
{"timestamp":"2026-06-14T22:11:09.220Z","user":"6a2f26fd8ffedbdf442eda42","operation":"GET /ranking","parameters":{},"executionTime":9,"status":200}
{"timestamp":"2026-06-14T22:11:09.556Z","user":"anonymous","operation":"POST /register","parameters":{"email":"testuser@test.com","password":"***"},"executionTime":158,"status":201}
{"timestamp":"2026-06-14T22:11:09.625Z","user":"6a2f26fd8ffedbdf442eda4a","operation":"POST /recalculate","parameters":{},"executionTime":19,"status":200}
{"timestamp":"2026-06-14T22:11:09.637Z","user":"6a2f26fd8ffedbdf442eda4a","operation":"GET /ranking","parameters":{"limit":"1"},"executionTime":5,"status":200}
{"timestamp":"2026-06-14T22:11:09.862Z","user":"anonymous","operation":"POST /register","parameters":{"email":"testuser@test.com","password":"***"},"executionTime":96,"status":201}
{"timestamp":"2026-06-14T22:11:09.921Z","user":"6a2f26fd8ffedbdf442eda52","operation":"POST /recalculate","parameters":{},"executionTime":17,"status":200}
{"timestamp":"2026-06-14T22:11:09.931Z","user":"6a2f26fd8ffedbdf442eda52","operation":"GET /ranking","parameters":{"limit":"0"},"executionTime":5,"status":200}
{"timestamp":"2026-06-14T22:11:10.174Z","user":"anonymous","operation":"POST /register","parameters":{"email":"testuser@test.com","password":"***"},"executionTime":123,"status":201}
{"timestamp":"2026-06-14T22:11:10.283Z","user":"6a2f26fe8ffedbdf442eda5a","operation":"POST /recalculate","parameters":{},"executionTime":31,"status":200}
{"timestamp":"2026-06-14T22:11:10.291Z","user":"6a2f26fe8ffedbdf442eda5a","operation":"GET /6a2f26fe8ffedbdf442eda5b/quotes","parameters":{"id":"6a2f26fe8ffedbdf442eda5b"},"executionTime":3,"status":200}
{"timestamp":"2026-06-14T22:11:10.578Z","user":"anonymous","operation":"POST /register","parameters":{"email":"testuser@test.com","password":"***"},"executionTime":119,"status":201}
{"timestamp":"2026-06-14T22:11:10.696Z","user":"6a2f26fe8ffedbdf442eda62","operation":"POST /recalculate","parameters":{},"executionTime":32,"status":200}
{"timestamp":"2026-06-14T22:11:10.717Z","user":"6a2f26fe8ffedbdf442eda62","operation":"GET /6a2f26fe8ffedbdf442eda69/quotes","parameters":{"id":"6a2f26fe8ffedbdf442eda69"},"executionTime":6,"status":200}
{"timestamp":"2026-06-14T22:11:11.032Z","user":"anonymous","operation":"POST /register","parameters":{"email":"testuser@test.com","password":"***"},"executionTime":104,"status":201}
{"timestamp":"2026-06-14T22:11:11.125Z","user":"6a2f26ff8ffedbdf442eda6b","operation":"POST /recalculate","parameters":{},"executionTime":26,"status":200}
{"timestamp":"2026-06-14T22:11:11.131Z","user":"6a2f26ff8ffedbdf442eda6b","operation":"GET /6a2f26ff8ffedbdf442eda6c/quotes","parameters":{"from":"2026-06-13T22:11:11.126Z","to":"2026-06-15T22:11:11.126Z","id":"6a2f26ff8ffedbdf442eda6c"},"executionTime":2,"status":200}
{"timestamp":"2026-06-14T22:11:14.037Z","user":"anonymous","operation":"POST /register","parameters":{"email":"testuser@test.com","password":"***"},"executionTime":164,"status":201}
{"timestamp":"2026-06-14T22:11:14.088Z","user":"anonymous","operation":"GET /","parameters":{},"executionTime":1,"status":401}
{"timestamp":"2026-06-14T22:11:14.257Z","user":"anonymous","operation":"POST /register","parameters":{"email":"testuser@test.com","password":"***"},"executionTime":112,"status":201}
{"timestamp":"2026-06-14T22:11:14.278Z","user":"anonymous","operation":"GET /","parameters":{},"executionTime":1,"status":401}
{"timestamp":"2026-06-14T22:11:14.408Z","user":"anonymous","operation":"POST /register","parameters":{"email":"testuser@test.com","password":"***"},"executionTime":116,"status":201}
{"timestamp":"2026-06-14T22:11:14.438Z","user":"6a2f270297969bee8f86ad3a","operation":"GET /","parameters":{},"executionTime":3,"status":200}
{"timestamp":"2026-06-14T22:11:14.562Z","user":"anonymous","operation":"POST /register","parameters":{"email":"testuser@test.com","password":"***"},"executionTime":109,"status":201}
{"timestamp":"2026-06-14T22:11:14.588Z","user":"6a2f270297969bee8f86ad3e","operation":"GET /","parameters":{"league":"Ligue 1"},"executionTime":2,"status":200}
{"timestamp":"2026-06-14T22:11:14.696Z","user":"anonymous","operation":"POST /register","parameters":{"email":"testuser@test.com","password":"***"},"executionTime":98,"status":201}
{"timestamp":"2026-06-14T22:11:14.721Z","user":"6a2f270297969bee8f86ad42","operation":"GET /","parameters":{"league":"Serie A"},"executionTime":2,"status":200}
{"timestamp":"2026-06-14T22:11:14.840Z","user":"anonymous","operation":"POST /register","parameters":{"email":"testuser@test.com","password":"***"},"executionTime":109,"status":201}
{"timestamp":"2026-06-14T22:11:14.869Z","user":"6a2f270297969bee8f86ad46","operation":"GET /","parameters":{"position":"FW"},"executionTime":3,"status":200}
{"timestamp":"2026-06-14T22:11:14.972Z","user":"anonymous","operation":"POST /register","parameters":{"email":"testuser@test.com","password":"***"},"executionTime":95,"status":201}
{"timestamp":"2026-06-14T22:11:14.997Z","user":"6a2f270297969bee8f86ad4a","operation":"GET /","parameters":{"team":"PSG","position":"FW"},"executionTime":2,"status":200}
{"timestamp":"2026-06-14T22:11:15.106Z","user":"anonymous","operation":"POST /register","parameters":{"email":"testuser@test.com","password":"***"},"executionTime":98,"status":201}
{"timestamp":"2026-06-14T22:11:15.132Z","user":"6a2f270397969bee8f86ad4e","operation":"GET /","parameters":{"team":"Liverpool"},"executionTime":1,"status":200}
{"timestamp":"2026-06-14T22:11:15.244Z","user":"anonymous","operation":"POST /register","parameters":{"email":"testuser@test.com","password":"***"},"executionTime":100,"status":201}
{"timestamp":"2026-06-14T22:11:15.274Z","user":"6a2f270397969bee8f86ad52","operation":"GET /6a2f270397969bee8f86ad53","parameters":{"id":"6a2f270397969bee8f86ad53"},"executionTime":3,"status":200}
{"timestamp":"2026-06-14T22:11:15.382Z","user":"anonymous","operation":"POST /register","parameters":{"email":"testuser@test.com","password":"***"},"executionTime":97,"status":201}
{"timestamp":"2026-06-14T22:11:15.407Z","user":"6a2f270397969bee8f86ad56","operation":"GET /6a2f270397969bee8f86ad5a","parameters":{"id":"6a2f270397969bee8f86ad5a"},"executionTime":1,"status":404}
{"timestamp":"2026-06-14T22:11:15.512Z","user":"anonymous","operation":"POST /register","parameters":{"email":"testuser@test.com","password":"***"},"executionTime":96,"status":201}
{"timestamp":"2026-06-14T22:11:15.540Z","user":"6a2f270397969bee8f86ad5b","operation":"POST /sync","parameters":{},"executionTime":1,"status":400}
{"timestamp":"2026-06-14T22:11:15.660Z","user":"anonymous","operation":"POST /register","parameters":{"email":"testuser@test.com","password":"***"},"executionTime":111,"status":201}
{"timestamp":"2026-06-14T22:11:15.710Z","user":"6a2f270397969bee8f86ad5f","operation":"POST /sync","parameters":{"team":"PSG"},"executionTime":1,"status":400}
{"timestamp":"2026-06-14T22:11:15.845Z","user":"anonymous","operation":"POST /register","parameters":{"email":"testuser@test.com","password":"***"},"executionTime":105,"status":201}
{"timestamp":"2026-06-14T22:11:15.894Z","user":"anonymous","operation":"POST /sync","parameters":{"league":"Premier League"},"executionTime":1,"status":401}
{"timestamp":"2026-06-14T22:34:25.904Z","user":"anonymous","operation":"GET /","parameters":{},"executionTime":3,"status":200}
{"timestamp":"2026-06-14T22:34:25.974Z","user":"anonymous","operation":"GET /favicon.ico","parameters":{},"executionTime":3,"status":404}
{"timestamp":"2026-06-14T22:35:23.660Z","user":"anonymous","operation":"GET /metrics","parameters":{},"executionTime":3,"status":200}
{"timestamp":"2026-06-14T22:35:31.265Z","user":"anonymous","operation":"POST /login","parameters":{"email":"user1@example.com","password":"***"},"executionTime":104,"status":200}
{"timestamp":"2026-06-14T22:35:38.658Z","user":"anonymous","operation":"GET /metrics","parameters":{},"executionTime":2,"status":200}
{"timestamp":"2026-06-14T22:35:53.657Z","user":"anonymous","operation":"GET /metrics","parameters":{},"executionTime":2,"status":200}
{"timestamp":"2026-06-14T22:35:57.345Z","user":"69efd48d810ad1557da48fbb","operation":"POST /sell","parameters":{"playerId":"6a1de46126c91a12b61c6e30","tokens":12},"executionTime":27,"status":201}
{"timestamp":"2026-06-14T22:36:08.657Z","user":"anonymous","operation":"GET /metrics","parameters":{},"executionTime":2,"status":200}
{"timestamp":"2026-06-14T22:36:23.657Z","user":"anonymous","operation":"GET /metrics","parameters":{},"executionTime":2,"status":200}
{"timestamp":"2026-06-14T22:36:38.656Z","user":"anonymous","operation":"GET /metrics","parameters":{},"executionTime":2,"status":200}
{"timestamp":"2026-06-14T22:36:53.654Z","user":"anonymous","operation":"GET /metrics","parameters":{},"executionTime":2,"status":200}
{"timestamp":"2026-06-14T22:36:55.857Z","user":"anonymous","operation":"GET /metrics","parameters":{},"executionTime":2,"status":200}
{"timestamp":"2026-06-14T22:37:08.655Z","user":"anonymous","operation":"GET /metrics","parameters":{},"executionTime":2,"status":200}
{"timestamp":"2026-06-14T22:37:13.588Z","user":"anonymous","operation":"GET /metrics","parameters":{},"executionTime":2,"status":200}
{"timestamp":"2026-06-14T22:37:23.655Z","user":"anonymous","operation":"GET /metrics","parameters":{},"executionTime":2,"status":200}
{"timestamp":"2026-06-14T22:37:38.653Z","user":"anonymous","operation":"GET /metrics","parameters":{},"executionTime":2,"status":200}
{"timestamp":"2026-06-14T22:37:53.651Z","user":"anonymous","operation":"GET /metrics","parameters":{},"executionTime":1,"status":200}
{"timestamp":"2026-06-14T22:38:08.652Z","user":"anonymous","operation":"GET /metrics","parameters":{},"executionTime":2,"status":200}
{"timestamp":"2026-06-14T22:38:23.650Z","user":"anonymous","operation":"GET /metrics","parameters":{},"executionTime":1,"status":200}
{"timestamp":"2026-06-14T22:38:38.650Z","user":"anonymous","operation":"GET /metrics","parameters":{},"executionTime":1,"status":200}
{"timestamp":"2026-06-14T22:38:53.649Z","user":"anonymous","operation":"GET /metrics","parameters":{},"executionTime":2,"status":200}
{"timestamp":"2026-06-14T22:39:08.649Z","user":"anonymous","operation":"GET /metrics","parameters":{},"executionTime":2,"status":200}
{"timestamp":"2026-06-14T22:39:23.649Z","user":"anonymous","operation":"GET /metrics","parameters":{},"executionTime":2,"status":200}
{"timestamp":"2026-06-14T22:39:38.648Z","user":"anonymous","operation":"GET /metrics","parameters":{},"executionTime":2,"status":200}
{"timestamp":"2026-06-14T22:39:53.647Z","user":"anonymous","operation":"GET /metrics","parameters":{},"executionTime":1,"status":200}
{"timestamp":"2026-06-14T22:40:08.646Z","user":"anonymous","operation":"GET /metrics","parameters":{},"executionTime":1,"status":200}
{"timestamp":"2026-06-14T22:40:23.646Z","user":"anonymous","operation":"GET /metrics","parameters":{},"executionTime":2,"status":200}
{"timestamp":"2026-06-14T22:40:38.645Z","user":"anonymous","operation":"GET /metrics","parameters":{},"executionTime":1,"status":200}
{"timestamp":"2026-06-14T22:40:53.644Z","user":"anonymous","operation":"GET /metrics","parameters":{},"executionTime":1,"status":200}
{"timestamp":"2026-06-14T22:41:08.644Z","user":"anonymous","operation":"GET /metrics","parameters":{},"executionTime":1,"status":200}
{"timestamp":"2026-06-14T22:41:23.645Z","user":"anonymous","operation":"GET /metrics","parameters":{},"executionTime":2,"status":200}
{"timestamp":"2026-06-14T22:41:38.643Z","user":"anonymous","operation":"GET /metrics","parameters":{},"executionTime":2,"status":200}
{"timestamp":"2026-06-14T22:41:53.642Z","user":"anonymous","operation":"GET /metrics","parameters":{},"executionTime":1,"status":200}
{"timestamp":"2026-06-14T22:42:08.643Z","user":"anonymous","operation":"GET /metrics","parameters":{},"executionTime":2,"status":200}
{"timestamp":"2026-06-14T22:42:09.020Z","user":"69efd48d810ad1557da48fbb","operation":"GET /ranking","parameters":{"limit":"50"},"executionTime":49,"status":304}
{"timestamp":"2026-06-14T22:42:19.433Z","user":"69efd48d810ad1557da48fbb","operation":"POST /buy","parameters":{"playerId":"6a1de46126c91a12b61c6ec7","tokens":4},"executionTime":15,"status":201}
{"timestamp":"2026-06-14T22:42:23.643Z","user":"anonymous","operation":"GET /metrics","parameters":{},"executionTime":2,"status":200}
{"timestamp":"2026-06-14T22:42:38.641Z","user":"anonymous","operation":"GET /metrics","parameters":{},"executionTime":1,"status":200}
{"timestamp":"2026-06-14T22:42:53.641Z","user":"anonymous","operation":"GET /metrics","parameters":{},"executionTime":2,"status":200}
{"timestamp":"2026-06-14T22:43:08.294Z","user":"69efd48d810ad1557da48fbb","operation":"POST /sell","parameters":{"playerId":"6a1de46126c91a12b61c6ec7","tokens":3},"executionTime":13,"status":201}
{"timestamp":"2026-06-14T22:43:08.640Z","user":"anonymous","operation":"GET /metrics","parameters":{},"executionTime":1,"status":200}
{"timestamp":"2026-06-14T22:43:23.639Z","user":"anonymous","operation":"GET /metrics","parameters":{},"executionTime":1,"status":200}
{"timestamp":"2026-06-14T22:43:38.638Z","user":"anonymous","operation":"GET /metrics","parameters":{},"executionTime":1,"status":200}
{"timestamp":"2026-06-14T22:43:53.640Z","user":"anonymous","operation":"GET /metrics","parameters":{},"executionTime":2,"status":200}
{"timestamp":"2026-06-14T22:44:08.638Z","user":"anonymous","operation":"GET /metrics","parameters":{},"executionTime":1,"status":200}
{"timestamp":"2026-06-14T22:44:23.637Z","user":"anonymous","operation":"GET /metrics","parameters":{},"executionTime":2,"status":200}
{"timestamp":"2026-06-14T22:44:38.637Z","user":"anonymous","operation":"GET /metrics","parameters":{},"executionTime":2,"status":200}
{"timestamp":"2026-06-14T22:44:53.636Z","user":"anonymous","operation":"GET /metrics","parameters":{},"executionTime":2,"status":200}
{"timestamp":"2026-06-14T22:45:08.637Z","user":"anonymous","operation":"GET /metrics","parameters":{},"executionTime":2,"status":200}
{"timestamp":"2026-06-14T22:45:12.441Z","user":"69efd48d810ad1557da48fbb","operation":"POST /sell","parameters":{"playerId":"6a1de46126c91a12b61c6ec7","tokens":1},"executionTime":26,"status":201}
{"timestamp":"2026-06-14T22:45:23.635Z","user":"anonymous","operation":"GET /metrics","parameters":{},"executionTime":1,"status":200}
{"timestamp":"2026-06-14T22:45:37.116Z","user":"69efd48d810ad1557da48fbb","operation":"POST /orders/buy","parameters":{"playerId":"6a29e20fe9dd1ccf10e65fe2","tokens":100},"executionTime":8,"status":409}
{"timestamp":"2026-06-14T22:45:38.635Z","user":"anonymous","operation":"GET /metrics","parameters":{},"executionTime":2,"status":200}
{"timestamp":"2026-06-14T22:45:42.564Z","user":"69efd48d810ad1557da48fbb","operation":"POST /orders/sell","parameters":{"playerId":"6a29e20fe9dd1ccf10e65fe2","tokens":5},"executionTime":6,"status":409}
{"timestamp":"2026-06-14T22:45:53.633Z","user":"anonymous","operation":"GET /metrics","parameters":{},"executionTime":1,"status":200}
{"timestamp":"2026-06-14T22:46:08.633Z","user":"anonymous","operation":"GET /metrics","parameters":{},"executionTime":1,"status":200}
{"timestamp":"2026-06-14T22:46:23.632Z","user":"anonymous","operation":"GET /metrics","parameters":{},"executionTime":1,"status":200}
{"timestamp":"2026-06-14T22:46:38.632Z","user":"anonymous","operation":"GET /metrics","parameters":{},"executionTime":1,"status":200}
{"timestamp":"2026-06-14T22:46:53.632Z","user":"anonymous","operation":"GET /metrics","parameters":{},"executionTime":2,"status":200}
{"timestamp":"2026-06-14T22:47:08.631Z","user":"anonymous","operation":"GET /metrics","parameters":{},"executionTime":1,"status":200}
{"timestamp":"2026-06-14T22:47:23.630Z","user":"anonymous","operation":"GET /metrics","parameters":{},"executionTime":2,"status":200}
{"timestamp":"2026-06-14T22:47:38.628Z","user":"anonymous","operation":"GET /metrics","parameters":{},"executionTime":1,"status":200}
{"timestamp":"2026-06-14T22:47:53.629Z","user":"anonymous","operation":"GET /metrics","parameters":{},"executionTime":2,"status":200}
{"timestamp":"2026-06-14T22:48:08.629Z","user":"anonymous","operation":"GET /metrics","parameters":{},"executionTime":2,"status":200}
{"timestamp":"2026-06-14T22:48:23.629Z","user":"anonymous","operation":"GET /metrics","parameters":{},"executionTime":2,"status":200}
{"timestamp":"2026-06-14T22:48:38.628Z","user":"anonymous","operation":"GET /metrics","parameters":{},"executionTime":2,"status":200}
{"timestamp":"2026-06-14T22:48:53.651Z","user":"anonymous","operation":"GET /metrics","parameters":{},"executionTime":7,"status":200}
{"timestamp":"2026-06-14T22:49:08.642Z","user":"anonymous","operation":"GET /metrics","parameters":{},"executionTime":2,"status":200}
{"timestamp":"2026-06-14T22:49:23.626Z","user":"anonymous","operation":"GET /metrics","parameters":{},"executionTime":1,"status":200}
{"timestamp":"2026-06-14T22:49:38.658Z","user":"anonymous","operation":"GET /metrics","parameters":{},"executionTime":1,"status":200}
{"timestamp":"2026-06-14T22:49:40.284Z","user":"69efd48d810ad1557da48fbb","operation":"POST /orders/sell","parameters":{"playerId":"6a29e20fe9dd1ccf10e65fe2","tokens":5},"executionTime":5,"status":409}
{"timestamp":"2026-06-14T22:49:46.021Z","user":"69efd48d810ad1557da48fbb","operation":"POST /orders/sell","parameters":{"playerId":"6a29e20fe9dd1ccf10e65fe2","tokens":1},"executionTime":5,"status":409}
{"timestamp":"2026-06-14T22:49:53.659Z","user":"anonymous","operation":"GET /metrics","parameters":{},"executionTime":2,"status":200}
{"timestamp":"2026-06-14T22:49:56.586Z","user":"69efd48d810ad1557da48fbb","operation":"POST /buy","parameters":{"playerId":"6a29e20fe9dd1ccf10e65fe2","tokens":23},"executionTime":59,"status":201}
{"timestamp":"2026-06-14T22:50:00.520Z","user":"69efd48d810ad1557da48fbb","operation":"POST /sell","parameters":{"playerId":"6a29e20fe9dd1ccf10e65fe2","tokens":1},"executionTime":36,"status":201}
{"timestamp":"2026-06-14T22:50:08.658Z","user":"anonymous","operation":"GET /metrics","parameters":{},"executionTime":2,"status":200}
{"timestamp":"2026-06-14T22:50:23.657Z","user":"anonymous","operation":"GET /metrics","parameters":{},"executionTime":1,"status":200}
{"timestamp":"2026-06-14T22:50:38.656Z","user":"anonymous","operation":"GET /metrics","parameters":{},"executionTime":2,"status":200}
{"timestamp":"2026-06-14T22:50:39.040Z","user":"anonymous","operation":"GET /","parameters":{},"executionTime":1,"status":304}
{"timestamp":"2026-06-14T22:50:39.071Z","user":"anonymous","operation":"GET /swagger-ui-bundle.js","parameters":{},"executionTime":1,"status":304}
{"timestamp":"2026-06-14T22:50:39.072Z","user":"anonymous","operation":"GET /swagger-ui-init.js","parameters":{},"executionTime":0,"status":200}
{"timestamp":"2026-06-14T22:50:39.073Z","user":"anonymous","operation":"GET /swagger-ui-standalone-preset.js","parameters":{},"executionTime":1,"status":304}
{"timestamp":"2026-06-14T22:50:39.090Z","user":"anonymous","operation":"GET /swagger-ui.css","parameters":{},"executionTime":1,"status":304}
{"timestamp":"2026-06-14T22:50:53.655Z","user":"anonymous","operation":"GET /metrics","parameters":{},"executionTime":1,"status":200}
{"timestamp":"2026-06-14T22:51:08.655Z","user":"anonymous","operation":"GET /metrics","parameters":{},"executionTime":2,"status":200}
{"timestamp":"2026-06-14T22:51:19.044Z","user":"anonymous","operation":"POST /login","parameters":{"email":"user1@example.com","password":"***"},"executionTime":107,"status":200}
{"timestamp":"2026-06-14T22:51:23.654Z","user":"anonymous","operation":"GET /metrics","parameters":{},"executionTime":1,"status":200}
{"timestamp":"2026-06-14T22:51:38.654Z","user":"anonymous","operation":"GET /metrics","parameters":{},"executionTime":2,"status":200}
{"timestamp":"2026-06-14T22:51:53.653Z","user":"anonymous","operation":"GET /metrics","parameters":{},"executionTime":2,"status":200}
{"timestamp":"2026-06-14T22:52:08.654Z","user":"anonymous","operation":"GET /metrics","parameters":{},"executionTime":2,"status":200}
{"timestamp":"2026-06-14T22:52:23.651Z","user":"anonymous","operation":"GET /metrics","parameters":{},"executionTime":1,"status":200}
{"timestamp":"2026-06-14T22:52:38.651Z","user":"anonymous","operation":"GET /metrics","parameters":{},"executionTime":1,"status":200}
{"timestamp":"2026-06-14T22:52:43.109Z","user":"anonymous","operation":"GET /metrics","parameters":{},"executionTime":2,"status":200}
{"timestamp":"2026-06-14T22:52:53.652Z","user":"anonymous","operation":"GET /metrics","parameters":{},"executionTime":2,"status":200}
{"timestamp":"2026-06-14T22:52:58.253Z","user":"anonymous","operation":"POST /api/auth/login","parameters":{"password":"***","email":"demo@futbol-tokens.local"},"executionTime":1,"status":404}
{"timestamp":"2026-06-14T22:53:06.587Z","user":"anonymous","operation":"POST /auth/login","parameters":{"password":"***","email":"demo@futbol-tokens.local"},"executionTime":2,"status":401}
{"timestamp":"2026-06-14T22:53:08.652Z","user":"anonymous","operation":"GET /metrics","parameters":{},"executionTime":2,"status":200}
{"timestamp":"2026-06-14T22:53:11.170Z","user":"anonymous","operation":"GET /metrics","parameters":{},"executionTime":2,"status":200}
{"timestamp":"2026-06-14T22:53:19.368Z","user":"anonymous","operation":"GET /metrics","parameters":{},"executionTime":2,"status":200}
{"timestamp":"2026-06-14T22:53:23.651Z","user":"anonymous","operation":"GET /metrics","parameters":{},"executionTime":2,"status":200}
{"timestamp":"2026-06-14T22:53:38.649Z","user":"anonymous","operation":"GET /metrics","parameters":{},"executionTime":2,"status":200}
{"timestamp":"2026-06-14T22:55:38.652Z","user":"anonymous","operation":"GET /metrics","parameters":{},"executionTime":6,"status":200}
{"timestamp":"2026-06-14T22:55:53.647Z","user":"anonymous","operation":"GET /metrics","parameters":{},"executionTime":2,"status":200}
{"timestamp":"2026-06-14T22:55:54.691Z","user":"anonymous","operation":"GET /","parameters":{},"executionTime":2,"status":304}
{"timestamp":"2026-06-14T22:55:54.711Z","user":"anonymous","operation":"GET /swagger-ui-bundle.js","parameters":{},"executionTime":2,"status":304}
{"timestamp":"2026-06-14T22:55:54.712Z","user":"anonymous","operation":"GET /swagger-ui-init.js","parameters":{},"executionTime":1,"status":304}
{"timestamp":"2026-06-14T22:55:54.712Z","user":"anonymous","operation":"GET /swagger-ui.css","parameters":{},"executionTime":1,"status":304}
{"timestamp":"2026-06-14T22:55:54.713Z","user":"anonymous","operation":"GET /swagger-ui-standalone-preset.js","parameters":{},"executionTime":2,"status":304}
{"timestamp":"2026-06-14T22:56:06.089Z","user":"anonymous","operation":"POST /login","parameters":{"email":"user1@example.com","password":"***"},"executionTime":103,"status":200}
{"timestamp":"2026-06-14T22:56:08.647Z","user":"anonymous","operation":"GET /metrics","parameters":{},"executionTime":3,"status":200}
{"timestamp":"2026-06-14T22:56:38.653Z","user":"anonymous","operation":"GET /metrics","parameters":{},"executionTime":8,"status":200}
{"timestamp":"2026-06-14T22:56:51.435Z","user":"anonymous","operation":"POST /register","parameters":{"email":"user2@example.com","password":"***"},"executionTime":112,"status":201}
{"timestamp":"2026-06-14T22:56:53.645Z","user":"anonymous","operation":"GET /metrics","parameters":{},"executionTime":3,"status":200}
{"timestamp":"2026-06-14T22:56:57.551Z","user":"anonymous","operation":"POST /login","parameters":{"email":"user2@example.com","password":"***"},"executionTime":80,"status":200}
{"timestamp":"2026-06-14T22:57:08.642Z","user":"anonymous","operation":"GET /metrics","parameters":{},"executionTime":1,"status":200}
{"timestamp":"2026-06-14T22:57:23.642Z","user":"anonymous","operation":"GET /metrics","parameters":{},"executionTime":2,"status":200}
{"timestamp":"2026-06-14T22:57:28.348Z","user":"anonymous","operation":"GET /metrics","parameters":{},"executionTime":1,"status":200}
{"timestamp":"2026-06-14T22:57:38.642Z","user":"anonymous","operation":"GET /metrics","parameters":{},"executionTime":2,"status":200}
{"timestamp":"2026-06-14T22:57:53.641Z","user":"anonymous","operation":"GET /metrics","parameters":{},"executionTime":2,"status":200}
{"timestamp":"2026-06-14T22:58:08.642Z","user":"anonymous","operation":"GET /metrics","parameters":{},"executionTime":2,"status":200}
{"timestamp":"2026-06-14T22:58:20.638Z","user":"anonymous","operation":"GET /","parameters":{},"executionTime":4,"status":304}
{"timestamp":"2026-06-14T22:58:20.663Z","user":"anonymous","operation":"GET /swagger-ui-bundle.js","parameters":{},"executionTime":1,"status":304}
{"timestamp":"2026-06-14T22:58:20.665Z","user":"anonymous","operation":"GET /swagger-ui-init.js","parameters":{},"executionTime":1,"status":304}
{"timestamp":"2026-06-14T22:58:20.666Z","user":"anonymous","operation":"GET /swagger-ui-standalone-preset.js","parameters":{},"executionTime":0,"status":304}
{"timestamp":"2026-06-14T22:58:20.668Z","user":"anonymous","operation":"GET /swagger-ui.css","parameters":{},"executionTime":1,"status":304}
{"timestamp":"2026-06-14T22:58:23.643Z","user":"anonymous","operation":"GET /metrics","parameters":{},"executionTime":4,"status":200}
{"timestamp":"2026-06-14T22:58:30.362Z","user":"anonymous","operation":"POST /auth/login","parameters":{"email":"user@example.com","password":"***"},"executionTime":3,"status":500}
{"timestamp":"2026-06-14T22:58:38.640Z","user":"anonymous","operation":"GET /metrics","parameters":{},"executionTime":2,"status":200}
{"timestamp":"2026-06-14T22:58:53.639Z","user":"anonymous","operation":"GET /metrics","parameters":{},"executionTime":2,"status":200}
{"timestamp":"2026-06-14T22:59:08.641Z","user":"anonymous","operation":"GET /metrics","parameters":{},"executionTime":2,"status":200}
{"timestamp":"2026-06-14T22:59:23.637Z","user":"anonymous","operation":"GET /metrics","parameters":{},"executionTime":2,"status":200}
{"timestamp":"2026-06-14T22:59:38.636Z","user":"anonymous","operation":"GET /metrics","parameters":{},"executionTime":2,"status":200}
{"timestamp":"2026-06-14T22:59:53.635Z","user":"anonymous","operation":"GET /metrics","parameters":{},"executionTime":2,"status":200}
{"timestamp":"2026-06-14T23:00:08.635Z","user":"anonymous","operation":"GET /metrics","parameters":{},"executionTime":2,"status":200}
{"timestamp":"2026-06-14T23:00:35.666Z","user":"anonymous","operation":"GET /","parameters":{},"executionTime":5,"status":304}
{"timestamp":"2026-06-14T23:00:35.684Z","user":"anonymous","operation":"GET /swagger-ui-bundle.js","parameters":{},"executionTime":1,"status":304}
{"timestamp":"2026-06-14T23:00:35.686Z","user":"anonymous","operation":"GET /swagger-ui-init.js","parameters":{},"executionTime":1,"status":304}
{"timestamp":"2026-06-14T23:00:35.687Z","user":"anonymous","operation":"GET /swagger-ui-standalone-preset.js","parameters":{},"executionTime":2,"status":304}
{"timestamp":"2026-06-14T23:00:35.689Z","user":"anonymous","operation":"GET /swagger-ui.css","parameters":{},"executionTime":2,"status":304}
{"timestamp":"2026-06-14T23:00:38.636Z","user":"anonymous","operation":"GET /metrics","parameters":{},"executionTime":4,"status":200}
{"timestamp":"2026-06-14T23:00:44.848Z","user":"anonymous","operation":"POST /login","parameters":{"email":"user1@example.com","password":"***"},"executionTime":118,"status":200}
{"timestamp":"2026-06-14T23:00:53.633Z","user":"anonymous","operation":"GET /metrics","parameters":{},"executionTime":2,"status":200}
{"timestamp":"2026-06-14T23:01:08.632Z","user":"anonymous","operation":"GET /metrics","parameters":{},"executionTime":2,"status":200}
{"timestamp":"2026-06-14T23:01:23.631Z","user":"anonymous","operation":"GET /metrics","parameters":{},"executionTime":1,"status":200}
{"timestamp":"2026-06-14T23:01:35.307Z","user":"69efd48d810ad1557da48fbb","operation":"GET /ranking","parameters":{"limit":"50"},"executionTime":37,"status":304}
{"timestamp":"2026-06-14T23:01:38.631Z","user":"anonymous","operation":"GET /metrics","parameters":{},"executionTime":2,"status":200}
{"timestamp":"2026-06-14T23:01:45.984Z","user":"69efd48d810ad1557da48fbb","operation":"POST /orders/sell","parameters":{"playerId":"6a1de46126c91a12b61c6fc8","tokens":14},"executionTime":14,"status":409}
{"timestamp":"2026-06-14T23:01:50.205Z","user":"69efd48d810ad1557da48fbb","operation":"POST /orders/sell","parameters":{"playerId":"6a1de46126c91a12b61c6fc8","tokens":11},"executionTime":5,"status":409}
{"timestamp":"2026-06-14T23:01:53.496Z","user":"69efd48d810ad1557da48fbb","operation":"POST /orders/sell","parameters":{"playerId":"6a1de46126c91a12b61c6fc8","tokens":3},"executionTime":5,"status":409}
{"timestamp":"2026-06-14T23:01:53.630Z","user":"anonymous","operation":"GET /metrics","parameters":{},"executionTime":2,"status":200}
{"timestamp":"2026-06-14T23:02:08.628Z","user":"anonymous","operation":"GET /metrics","parameters":{},"executionTime":1,"status":200}
{"timestamp":"2026-06-14T23:02:10.579Z","user":"69efd48d810ad1557da48fbb","operation":"POST /buy","parameters":{"playerId":"6a1de46126c91a12b61c6f8a","tokens":13},"executionTime":33,"status":201}
{"timestamp":"2026-06-14T23:02:23.628Z","user":"anonymous","operation":"GET /metrics","parameters":{},"executionTime":2,"status":200}
{"timestamp":"2026-06-14T23:02:38.626Z","user":"anonymous","operation":"GET /metrics","parameters":{},"executionTime":2,"status":200}
{"timestamp":"2026-06-14T23:02:41.573Z","user":"69efd48d810ad1557da48fbb","operation":"POST /sell","parameters":{"playerId":"6a1de46126c91a12b61c6f8a","tokens":3},"executionTime":26,"status":201}
{"timestamp":"2026-06-14T23:02:53.626Z","user":"anonymous","operation":"GET /metrics","parameters":{},"executionTime":2,"status":200}
{"timestamp":"2026-06-14T23:03:08.623Z","user":"anonymous","operation":"GET /metrics","parameters":{},"executionTime":1,"status":200}
{"timestamp":"2026-06-14T23:03:23.625Z","user":"anonymous","operation":"GET /metrics","parameters":{},"executionTime":2,"status":200}
{"timestamp":"2026-06-14T23:03:29.674Z","user":"anonymous","operation":"GET /metrics","parameters":{},"executionTime":2,"status":200}
{"timestamp":"2026-06-14T23:03:38.623Z","user":"anonymous","operation":"GET /metrics","parameters":{},"executionTime":2,"status":200}
{"timestamp":"2026-06-14T23:03:53.625Z","user":"anonymous","operation":"GET /metrics","parameters":{},"executionTime":3,"status":200}
{"timestamp":"2026-06-14T23:04:08.624Z","user":"anonymous","operation":"GET /metrics","parameters":{},"executionTime":3,"status":200}
{"timestamp":"2026-06-14T23:04:23.627Z","user":"anonymous","operation":"GET /metrics","parameters":{},"executionTime":5,"status":200}
{"timestamp":"2026-06-14T23:04:38.621Z","user":"anonymous","operation":"GET /metrics","parameters":{},"executionTime":2,"status":200}
{"timestamp":"2026-06-14T23:04:53.619Z","user":"anonymous","operation":"GET /metrics","parameters":{},"executionTime":2,"status":200}
{"timestamp":"2026-06-14T23:05:08.618Z","user":"anonymous","operation":"GET /metrics","parameters":{},"executionTime":1,"status":200}
{"timestamp":"2026-06-14T23:05:23.618Z","user":"anonymous","operation":"GET /metrics","parameters":{},"executionTime":2,"status":200}
{"timestamp":"2026-06-14T23:05:38.617Z","user":"anonymous","operation":"GET /metrics","parameters":{},"executionTime":2,"status":200}
{"timestamp":"2026-06-14T23:05:53.617Z","user":"anonymous","operation":"GET /metrics","parameters":{},"executionTime":2,"status":200}
{"timestamp":"2026-06-14T23:06:08.614Z","user":"anonymous","operation":"GET /metrics","parameters":{},"executionTime":1,"status":200}
{"timestamp":"2026-06-14T23:06:23.615Z","user":"anonymous","operation":"GET /metrics","parameters":{},"executionTime":2,"status":200}
{"timestamp":"2026-06-14T23:06:38.613Z","user":"anonymous","operation":"GET /metrics","parameters":{},"executionTime":2,"status":200}
{"timestamp":"2026-06-14T23:06:53.677Z","user":"anonymous","operation":"GET /metrics","parameters":{},"executionTime":2,"status":200}
{"timestamp":"2026-06-14T23:07:08.617Z","user":"anonymous","operation":"GET /metrics","parameters":{},"executionTime":2,"status":200}
{"timestamp":"2026-06-14T23:07:23.620Z","user":"anonymous","operation":"GET /metrics","parameters":{},"executionTime":5,"status":200}
{"timestamp":"2026-06-14T23:07:38.610Z","user":"anonymous","operation":"GET /metrics","parameters":{},"executionTime":2,"status":200}
{"timestamp":"2026-06-14T23:07:46.142Z","user":"69efd48d810ad1557da48fbb","operation":"POST /buy","parameters":{"playerId":"6a1de46126c91a12b61c6f8a","tokens":13},"executionTime":48,"status":201}
{"timestamp":"2026-06-14T23:07:53.609Z","user":"anonymous","operation":"GET /metrics","parameters":{},"executionTime":2,"status":200}
{"timestamp":"2026-06-14T23:08:08.608Z","user":"anonymous","operation":"GET /metrics","parameters":{},"executionTime":2,"status":200}
{"timestamp":"2026-06-14T23:08:23.607Z","user":"anonymous","operation":"GET /metrics","parameters":{},"executionTime":2,"status":200}
{"timestamp":"2026-06-14T23:08:38.608Z","user":"anonymous","operation":"GET /metrics","parameters":{},"executionTime":2,"status":200}
{"timestamp":"2026-06-14T23:08:53.606Z","user":"anonymous","operation":"GET /metrics","parameters":{},"executionTime":2,"status":200}
{"timestamp":"2026-06-14T23:09:08.605Z","user":"anonymous","operation":"GET /metrics","parameters":{},"executionTime":2,"status":200}
{"timestamp":"2026-06-14T23:09:23.604Z","user":"anonymous","operation":"GET /metrics","parameters":{},"executionTime":2,"status":200}
{"timestamp":"2026-06-14T23:09:38.603Z","user":"anonymous","operation":"GET /metrics","parameters":{},"executionTime":2,"status":200}
{"timestamp":"2026-06-14T23:09:53.602Z","user":"anonymous","operation":"GET /metrics","parameters":{},"executionTime":1,"status":200}
{"timestamp":"2026-06-14T23:10:08.601Z","user":"anonymous","operation":"GET /metrics","parameters":{},"executionTime":1,"status":200}
{"timestamp":"2026-06-14T23:10:23.601Z","user":"anonymous","operation":"GET /metrics","parameters":{},"executionTime":1,"status":200}
{"timestamp":"2026-06-14T23:10:38.601Z","user":"anonymous","operation":"GET /metrics","parameters":{},"executionTime":2,"status":200}
{"timestamp":"2026-06-14T23:10:53.599Z","user":"anonymous","operation":"GET /metrics","parameters":{},"executionTime":1,"status":200}
{"timestamp":"2026-06-14T23:11:08.598Z","user":"anonymous","operation":"GET /metrics","parameters":{},"executionTime":1,"status":200}
{"timestamp":"2026-06-14T23:11:23.597Z","user":"anonymous","operation":"GET /metrics","parameters":{},"executionTime":1,"status":200}
{"timestamp":"2026-06-14T23:11:38.597Z","user":"anonymous","operation":"GET /metrics","parameters":{},"executionTime":1,"status":200}
{"timestamp":"2026-06-14T23:11:53.596Z","user":"anonymous","operation":"GET /metrics","parameters":{},"executionTime":1,"status":200}
{"timestamp":"2026-06-14T23:12:08.597Z","user":"anonymous","operation":"GET /metrics","parameters":{},"executionTime":2,"status":200}
{"timestamp":"2026-06-14T23:12:23.595Z","user":"anonymous","operation":"GET /metrics","parameters":{},"executionTime":1,"status":200}
{"timestamp":"2026-06-14T23:12:38.593Z","user":"anonymous","operation":"GET /metrics","parameters":{},"executionTime":1,"status":200}
{"timestamp":"2026-06-14T23:12:53.594Z","user":"anonymous","operation":"GET /metrics","parameters":{},"executionTime":2,"status":200}
{"timestamp":"2026-06-14T23:13:08.593Z","user":"anonymous","operation":"GET /metrics","parameters":{},"executionTime":2,"status":200}
{"timestamp":"2026-06-14T23:13:23.592Z","user":"anonymous","operation":"GET /metrics","parameters":{},"executionTime":1,"status":200}
{"timestamp":"2026-06-14T23:13:38.591Z","user":"anonymous","operation":"GET /metrics","parameters":{},"executionTime":2,"status":200}
{"timestamp":"2026-06-14T23:13:53.590Z","user":"anonymous","operation":"GET /metrics","parameters":{},"executionTime":1,"status":200}
{"timestamp":"2026-06-14T23:14:08.590Z","user":"anonymous","operation":"GET /metrics","parameters":{},"executionTime":2,"status":200}
{"timestamp":"2026-06-14T23:14:23.588Z","user":"anonymous","operation":"GET /metrics","parameters":{},"executionTime":1,"status":200}
{"timestamp":"2026-06-14T23:14:38.589Z","user":"anonymous","operation":"GET /metrics","parameters":{},"executionTime":2,"status":200}
{"timestamp":"2026-06-14T23:14:53.586Z","user":"anonymous","operation":"GET /metrics","parameters":{},"executionTime":1,"status":200}
{"timestamp":"2026-06-14T23:15:08.587Z","user":"anonymous","operation":"GET /metrics","parameters":{},"executionTime":2,"status":200}
{"timestamp":"2026-06-14T23:15:23.587Z","user":"anonymous","operation":"GET /metrics","parameters":{},"executionTime":2,"status":200}
{"timestamp":"2026-06-14T23:15:38.586Z","user":"anonymous","operation":"GET /metrics","parameters":{},"executionTime":2,"status":200}
{"timestamp":"2026-06-14T23:15:53.585Z","user":"anonymous","operation":"GET /metrics","parameters":{},"executionTime":1,"status":200}
{"timestamp":"2026-06-14T23:16:08.666Z","user":"anonymous","operation":"GET /metrics","parameters":{},"executionTime":4,"status":200}
{"timestamp":"2026-06-14T23:16:23.584Z","user":"anonymous","operation":"GET /metrics","parameters":{},"executionTime":2,"status":200}
{"timestamp":"2026-06-14T23:16:38.593Z","user":"anonymous","operation":"GET /metrics","parameters":{},"executionTime":9,"status":200}
{"timestamp":"2026-06-14T23:16:53.583Z","user":"anonymous","operation":"GET /metrics","parameters":{},"executionTime":3,"status":200}
{"timestamp":"2026-06-14T23:17:08.583Z","user":"anonymous","operation":"GET /metrics","parameters":{},"executionTime":3,"status":200}
{"timestamp":"2026-06-14T23:17:23.582Z","user":"anonymous","operation":"GET /metrics","parameters":{},"executionTime":4,"status":200}
{"timestamp":"2026-06-14T23:17:38.580Z","user":"anonymous","operation":"GET /metrics","parameters":{},"executionTime":3,"status":200}
{"timestamp":"2026-06-14T23:17:53.580Z","user":"anonymous","operation":"GET /metrics","parameters":{},"executionTime":3,"status":200}
{"timestamp":"2026-06-14T23:18:08.579Z","user":"anonymous","operation":"GET /metrics","parameters":{},"executionTime":2,"status":200}
{"timestamp":"2026-06-14T23:18:23.579Z","user":"anonymous","operation":"GET /metrics","parameters":{},"executionTime":3,"status":200}
{"timestamp":"2026-06-14T23:18:38.578Z","user":"anonymous","operation":"GET /metrics","parameters":{},"executionTime":3,"status":200}
{"timestamp":"2026-06-14T23:18:53.577Z","user":"anonymous","operation":"GET /metrics","parameters":{},"executionTime":2,"status":200}
{"timestamp":"2026-06-14T23:19:08.576Z","user":"anonymous","operation":"GET /metrics","parameters":{},"executionTime":3,"status":200}
{"timestamp":"2026-06-14T23:19:23.576Z","user":"anonymous","operation":"GET /metrics","parameters":{},"executionTime":3,"status":200}
{"timestamp":"2026-06-14T23:19:38.575Z","user":"anonymous","operation":"GET /metrics","parameters":{},"executionTime":2,"status":200}
{"timestamp":"2026-06-14T23:19:53.685Z","user":"anonymous","operation":"GET /metrics","parameters":{},"executionTime":32,"status":200}
{"timestamp":"2026-06-14T23:20:08.579Z","user":"anonymous","operation":"GET /metrics","parameters":{},"executionTime":3,"status":200}
{"timestamp":"2026-06-14T23:20:38.615Z","user":"anonymous","operation":"GET /metrics","parameters":{},"executionTime":44,"status":200}
{"timestamp":"2026-06-14T23:20:53.580Z","user":"anonymous","operation":"GET /metrics","parameters":{},"executionTime":11,"status":200}
{"timestamp":"2026-06-14T23:21:08.579Z","user":"anonymous","operation":"GET /metrics","parameters":{},"executionTime":11,"status":200}
{"timestamp":"2026-06-14T23:21:23.577Z","user":"anonymous","operation":"GET /metrics","parameters":{},"executionTime":9,"status":200}
{"timestamp":"2026-06-14T23:21:38.577Z","user":"anonymous","operation":"GET /metrics","parameters":{},"executionTime":10,"status":200}
{"timestamp":"2026-06-14T23:21:53.576Z","user":"anonymous","operation":"GET /metrics","parameters":{},"executionTime":10,"status":200}
{"timestamp":"2026-06-14T23:22:08.574Z","user":"anonymous","operation":"GET /metrics","parameters":{},"executionTime":9,"status":200}
{"timestamp":"2026-06-14T23:22:23.573Z","user":"anonymous","operation":"GET /metrics","parameters":{},"executionTime":9,"status":200}
{"timestamp":"2026-06-14T23:22:38.576Z","user":"anonymous","operation":"GET /metrics","parameters":{},"executionTime":12,"status":200}
{"timestamp":"2026-06-14T23:22:53.572Z","user":"anonymous","operation":"GET /metrics","parameters":{},"executionTime":9,"status":200}
{"timestamp":"2026-06-14T23:23:08.573Z","user":"anonymous","operation":"GET /metrics","parameters":{},"executionTime":10,"status":200}
{"timestamp":"2026-06-14T23:23:23.573Z","user":"anonymous","operation":"GET /metrics","parameters":{},"executionTime":10,"status":200}
{"timestamp":"2026-06-14T23:23:38.570Z","user":"anonymous","operation":"GET /metrics","parameters":{},"executionTime":9,"status":200}
{"timestamp":"2026-06-14T23:23:53.571Z","user":"anonymous","operation":"GET /metrics","parameters":{},"executionTime":10,"status":200}
{"timestamp":"2026-06-14T23:24:08.576Z","user":"anonymous","operation":"GET /metrics","parameters":{},"executionTime":13,"status":200}
{"timestamp":"2026-06-14T23:24:23.569Z","user":"anonymous","operation":"GET /metrics","parameters":{},"executionTime":10,"status":200}
{"timestamp":"2026-06-14T23:24:38.565Z","user":"anonymous","operation":"GET /metrics","parameters":{},"executionTime":7,"status":200}
{"timestamp":"2026-06-14T23:25:08.687Z","user":"anonymous","operation":"GET /metrics","parameters":{},"executionTime":31,"status":200}
{"timestamp":"2026-06-14T23:25:23.685Z","user":"anonymous","operation":"GET /metrics","parameters":{},"executionTime":30,"status":200}
{"timestamp":"2026-06-14T23:25:38.685Z","user":"anonymous","operation":"GET /metrics","parameters":{},"executionTime":32,"status":200}
{"timestamp":"2026-06-14T23:25:53.679Z","user":"anonymous","operation":"GET /metrics","parameters":{},"executionTime":24,"status":200}
{"timestamp":"2026-06-14T23:26:08.674Z","user":"anonymous","operation":"GET /metrics","parameters":{},"executionTime":21,"status":200}
{"timestamp":"2026-06-14T23:26:23.666Z","user":"anonymous","operation":"GET /metrics","parameters":{},"executionTime":14,"status":200}
{"timestamp":"2026-06-14T23:26:38.664Z","user":"anonymous","operation":"GET /metrics","parameters":{},"executionTime":13,"status":200}
{"timestamp":"2026-06-14T23:26:53.667Z","user":"anonymous","operation":"GET /metrics","parameters":{},"executionTime":17,"status":200}
{"timestamp":"2026-06-14T23:27:08.666Z","user":"anonymous","operation":"GET /metrics","parameters":{},"executionTime":16,"status":200}
{"timestamp":"2026-06-14T23:27:23.776Z","user":"anonymous","operation":"GET /metrics","parameters":{},"executionTime":66,"status":200}
{"timestamp":"2026-06-14T23:27:38.666Z","user":"anonymous","operation":"GET /metrics","parameters":{},"executionTime":13,"status":200}
{"timestamp":"2026-06-14T23:27:53.663Z","user":"anonymous","operation":"GET /metrics","parameters":{},"executionTime":14,"status":200}
{"timestamp":"2026-06-14T23:28:23.695Z","user":"anonymous","operation":"GET /metrics","parameters":{},"executionTime":47,"status":200}
{"timestamp":"2026-06-14T23:28:38.656Z","user":"anonymous","operation":"GET /metrics","parameters":{},"executionTime":10,"status":200}
{"timestamp":"2026-06-14T23:28:53.654Z","user":"anonymous","operation":"GET /metrics","parameters":{},"executionTime":10,"status":200}
{"timestamp":"2026-06-14T23:29:08.654Z","user":"anonymous","operation":"GET /metrics","parameters":{},"executionTime":10,"status":200}
{"timestamp":"2026-06-14T23:29:23.655Z","user":"anonymous","operation":"GET /metrics","parameters":{},"executionTime":11,"status":200}
{"timestamp":"2026-06-14T23:29:38.656Z","user":"anonymous","operation":"GET /metrics","parameters":{},"executionTime":12,"status":200}
{"timestamp":"2026-06-14T23:29:52.102Z","user":"anonymous","operation":"GET /metrics","parameters":{},"executionTime":9,"status":200}
{"timestamp":"2026-06-14T23:30:07.103Z","user":"anonymous","operation":"GET /metrics","parameters":{},"executionTime":10,"status":200}
{"timestamp":"2026-06-14T23:30:22.104Z","user":"anonymous","operation":"GET /metrics","parameters":{},"executionTime":12,"status":200}
{"timestamp":"2026-06-14T23:30:52.118Z","user":"anonymous","operation":"GET /metrics","parameters":{},"executionTime":23,"status":200}
{"timestamp":"2026-06-14T23:31:07.110Z","user":"anonymous","operation":"GET /metrics","parameters":{},"executionTime":17,"status":200}
{"timestamp":"2026-06-14T23:31:22.105Z","user":"anonymous","operation":"GET /metrics","parameters":{},"executionTime":12,"status":200}
{"timestamp":"2026-06-14T23:31:37.111Z","user":"anonymous","operation":"GET /metrics","parameters":{},"executionTime":18,"status":200}
{"timestamp":"2026-06-14T23:31:52.103Z","user":"anonymous","operation":"GET /metrics","parameters":{},"executionTime":12,"status":200}
{"timestamp":"2026-06-14T23:32:07.102Z","user":"anonymous","operation":"GET /metrics","parameters":{},"executionTime":11,"status":200}
{"timestamp":"2026-06-14T23:32:22.104Z","user":"anonymous","operation":"GET /metrics","parameters":{},"executionTime":14,"status":200}
{"timestamp":"2026-06-14T23:32:37.103Z","user":"anonymous","operation":"GET /metrics","parameters":{},"executionTime":12,"status":200}
{"timestamp":"2026-06-14T23:32:52.100Z","user":"anonymous","operation":"GET /metrics","parameters":{},"executionTime":11,"status":200}
{"timestamp":"2026-06-14T23:33:07.098Z","user":"anonymous","operation":"GET /metrics","parameters":{},"executionTime":9,"status":200}
{"timestamp":"2026-06-14T23:33:22.105Z","user":"anonymous","operation":"GET /metrics","parameters":{},"executionTime":12,"status":200}
{"timestamp":"2026-06-14T23:33:27.863Z","user":"anonymous","operation":"GET /","parameters":{},"executionTime":2,"status":304}
{"timestamp":"2026-06-14T23:33:27.891Z","user":"anonymous","operation":"GET /swagger-ui-bundle.js","parameters":{},"executionTime":1,"status":304}
{"timestamp":"2026-06-14T23:33:27.892Z","user":"anonymous","operation":"GET /swagger-ui-init.js","parameters":{},"executionTime":0,"status":304}
{"timestamp":"2026-06-14T23:33:27.893Z","user":"anonymous","operation":"GET /swagger-ui-standalone-preset.js","parameters":{},"executionTime":2,"status":304}
{"timestamp":"2026-06-14T23:33:29.209Z","user":"anonymous","operation":"GET /swagger-ui.css","parameters":{},"executionTime":1,"status":304}
{"timestamp":"2026-06-14T23:33:37.103Z","user":"anonymous","operation":"GET /metrics","parameters":{},"executionTime":10,"status":200}
{"timestamp":"2026-06-14T23:33:52.101Z","user":"anonymous","operation":"GET /metrics","parameters":{},"executionTime":8,"status":200}
{"timestamp":"2026-06-14T23:34:00.863Z","user":"anonymous","operation":"POST /login","parameters":{"email":"user@example.com","password":"***"},"executionTime":116,"status":200}
{"timestamp":"2026-06-14T23:34:07.102Z","user":"anonymous","operation":"GET /metrics","parameters":{},"executionTime":10,"status":200}
{"timestamp":"2026-06-14T23:34:22.101Z","user":"anonymous","operation":"GET /metrics","parameters":{},"executionTime":9,"status":200}
{"timestamp":"2026-06-14T23:34:37.102Z","user":"anonymous","operation":"GET /metrics","parameters":{},"executionTime":11,"status":200}
{"timestamp":"2026-06-14T23:34:46.076Z","user":"anonymous","operation":"GET /ranking","parameters":{"limit":"50"},"executionTime":1,"status":401}
{"timestamp":"2026-06-14T23:34:52.101Z","user":"anonymous","operation":"GET /metrics","parameters":{},"executionTime":10,"status":200}
{"timestamp":"2026-06-14T23:35:02.070Z","user":"69efd423810ad1557da48fba","operation":"GET /ranking","parameters":{"limit":"50"},"executionTime":24,"status":200}
{"timestamp":"2026-06-14T23:35:07.100Z","user":"anonymous","operation":"GET /metrics","parameters":{},"executionTime":10,"status":200}
{"timestamp":"2026-06-14T23:35:11.649Z","user":"anonymous","operation":"POST /login","parameters":{"email":"user1@example.com","password":"***"},"executionTime":89,"status":200}
{"timestamp":"2026-06-14T23:35:22.097Z","user":"anonymous","operation":"GET /metrics","parameters":{},"executionTime":9,"status":200}
{"timestamp":"2026-06-14T23:35:33.335Z","user":"69efd48d810ad1557da48fbb","operation":"POST /orders/buy","parameters":{"playerId":"6a1de46126c91a12b61c6e30","tokens":1},"executionTime":6,"status":400}
{"timestamp":"2026-06-14T23:35:37.098Z","user":"anonymous","operation":"GET /metrics","parameters":{},"executionTime":10,"status":200}
{"timestamp":"2026-06-14T23:35:40.910Z","user":"69efd48d810ad1557da48fbb","operation":"POST /buy","parameters":{"playerId":"6a1de46126c91a12b61c6e30","tokens":15},"executionTime":36,"status":201}
{"timestamp":"2026-06-14T23:35:52.099Z","user":"anonymous","operation":"GET /metrics","parameters":{},"executionTime":12,"status":200}
{"timestamp":"2026-06-14T23:36:05.042Z","user":"69efd48d810ad1557da48fbb","operation":"GET /sell-posts","parameters":{},"executionTime":4,"status":200}
{"timestamp":"2026-06-14T23:36:07.103Z","user":"anonymous","operation":"GET /metrics","parameters":{},"executionTime":16,"status":200}
{"timestamp":"2026-06-14T23:36:22.095Z","user":"anonymous","operation":"GET /metrics","parameters":{},"executionTime":9,"status":200}
{"timestamp":"2026-06-14T23:36:31.394Z","user":"anonymous","operation":"POST /auth/login","parameters":{"email":"user3@example.com","password":"***"},"executionTime":2,"status":401}
{"timestamp":"2026-06-14T23:36:35.495Z","user":"anonymous","operation":"POST /login","parameters":{"email":"user2@example.com","password":"***"},"executionTime":92,"status":200}
{"timestamp":"2026-06-14T23:36:37.094Z","user":"anonymous","operation":"GET /metrics","parameters":{},"executionTime":9,"status":200}
{"timestamp":"2026-06-14T23:36:49.635Z","user":"6a2f31b3d54b6fa1ac9483c0","operation":"POST /buy","parameters":{"playerId":"6a1de46126c91a12b61c6e30","tokens":1},"executionTime":42,"status":201}
{"timestamp":"2026-06-14T23:36:52.098Z","user":"anonymous","operation":"GET /metrics","parameters":{},"executionTime":14,"status":200}
{"timestamp":"2026-06-14T23:37:07.094Z","user":"anonymous","operation":"GET /metrics","parameters":{},"executionTime":9,"status":200}
{"timestamp":"2026-06-14T23:37:22.092Z","user":"anonymous","operation":"GET /metrics","parameters":{},"executionTime":9,"status":200}
{"timestamp":"2026-06-14T23:37:37.091Z","user":"anonymous","operation":"GET /metrics","parameters":{},"executionTime":9,"status":200}
{"timestamp":"2026-06-14T23:37:52.287Z","user":"anonymous","operation":"GET /metrics","parameters":{},"executionTime":20,"status":200}
{"timestamp":"2026-06-14T23:38:07.096Z","user":"anonymous","operation":"GET /metrics","parameters":{},"executionTime":12,"status":200}
{"timestamp":"2026-06-14T23:38:22.091Z","user":"anonymous","operation":"GET /metrics","parameters":{},"executionTime":10,"status":200}
{"timestamp":"2026-06-14T23:38:36.977Z","user":"anonymous","operation":"GET /","parameters":{},"executionTime":4,"status":304}
{"timestamp":"2026-06-14T23:38:37.002Z","user":"anonymous","operation":"GET /swagger-ui-bundle.js","parameters":{},"executionTime":2,"status":304}
{"timestamp":"2026-06-14T23:38:37.003Z","user":"anonymous","operation":"GET /swagger-ui-init.js","parameters":{},"executionTime":1,"status":304}
{"timestamp":"2026-06-14T23:38:37.004Z","user":"anonymous","operation":"GET /swagger-ui-standalone-preset.js","parameters":{},"executionTime":1,"status":304}
{"timestamp":"2026-06-14T23:38:37.005Z","user":"anonymous","operation":"GET /swagger-ui.css","parameters":{},"executionTime":1,"status":304}
{"timestamp":"2026-06-14T23:38:37.105Z","user":"anonymous","operation":"GET /metrics","parameters":{},"executionTime":25,"status":200}
{"timestamp":"2026-06-14T23:38:47.455Z","user":"anonymous","operation":"POST /login","parameters":{"email":"user1@example.com","password":"***"},"executionTime":107,"status":200}
{"timestamp":"2026-06-14T23:38:52.096Z","user":"anonymous","operation":"GET /metrics","parameters":{},"executionTime":18,"status":200}
{"timestamp":"2026-06-14T23:39:01.603Z","user":"69efd48d810ad1557da48fbb","operation":"GET /sell-posts","parameters":{},"executionTime":5,"status":200}
{"timestamp":"2026-06-14T23:39:07.091Z","user":"anonymous","operation":"GET /metrics","parameters":{},"executionTime":13,"status":200}
{"timestamp":"2026-06-14T23:39:15.261Z","user":"69efd48d810ad1557da48fbb","operation":"POST /buy","parameters":{"playerId":"6a1de46126c91a12b61c6e30","tokens":1},"executionTime":32,"status":201}
{"timestamp":"2026-06-14T23:39:22.091Z","user":"anonymous","operation":"GET /metrics","parameters":{},"executionTime":14,"status":200}
{"timestamp":"2026-06-14T23:39:37.088Z","user":"anonymous","operation":"GET /metrics","parameters":{},"executionTime":11,"status":200}
{"timestamp":"2026-06-14T23:39:52.089Z","user":"anonymous","operation":"GET /metrics","parameters":{},"executionTime":13,"status":200}
{"timestamp":"2026-06-14T23:40:07.088Z","user":"anonymous","operation":"GET /metrics","parameters":{},"executionTime":12,"status":200}
{"timestamp":"2026-06-14T23:40:22.086Z","user":"anonymous","operation":"GET /metrics","parameters":{},"executionTime":11,"status":200}
{"timestamp":"2026-06-14T23:40:37.085Z","user":"anonymous","operation":"GET /metrics","parameters":{},"executionTime":10,"status":200}
{"timestamp":"2026-06-14T23:40:52.090Z","user":"anonymous","operation":"GET /metrics","parameters":{},"executionTime":15,"status":200}
{"timestamp":"2026-06-14T23:41:07.083Z","user":"anonymous","operation":"GET /metrics","parameters":{},"executionTime":10,"status":200}
{"timestamp":"2026-06-14T23:41:22.085Z","user":"anonymous","operation":"GET /metrics","parameters":{},"executionTime":12,"status":200}
{"timestamp":"2026-06-14T23:41:37.081Z","user":"anonymous","operation":"GET /metrics","parameters":{},"executionTime":9,"status":200}
{"timestamp":"2026-06-14T23:41:52.081Z","user":"anonymous","operation":"GET /metrics","parameters":{},"executionTime":9,"status":200}
{"timestamp":"2026-06-14T23:42:07.081Z","user":"anonymous","operation":"GET /metrics","parameters":{},"executionTime":9,"status":200}
{"timestamp":"2026-06-14T23:42:22.078Z","user":"anonymous","operation":"GET /metrics","parameters":{},"executionTime":8,"status":200}
{"timestamp":"2026-06-14T23:42:37.079Z","user":"anonymous","operation":"GET /metrics","parameters":{},"executionTime":9,"status":200}
{"timestamp":"2026-06-14T23:42:52.078Z","user":"anonymous","operation":"GET /metrics","parameters":{},"executionTime":9,"status":200}
{"timestamp":"2026-06-14T23:43:07.082Z","user":"anonymous","operation":"GET /metrics","parameters":{},"executionTime":13,"status":200}
{"timestamp":"2026-06-14T23:43:22.077Z","user":"anonymous","operation":"GET /metrics","parameters":{},"executionTime":9,"status":200}
{"timestamp":"2026-06-14T23:43:37.075Z","user":"anonymous","operation":"GET /metrics","parameters":{},"executionTime":8,"status":200}
{"timestamp":"2026-06-14T23:43:52.076Z","user":"anonymous","operation":"GET /metrics","parameters":{},"executionTime":9,"status":200}
{"timestamp":"2026-06-14T23:44:07.075Z","user":"anonymous","operation":"GET /metrics","parameters":{},"executionTime":9,"status":200}
{"timestamp":"2026-06-14T23:44:22.074Z","user":"anonymous","operation":"GET /metrics","parameters":{},"executionTime":9,"status":200}
{"timestamp":"2026-06-14T23:44:37.074Z","user":"anonymous","operation":"GET /metrics","parameters":{},"executionTime":9,"status":200}
{"timestamp":"2026-06-14T23:44:52.076Z","user":"anonymous","operation":"GET /metrics","parameters":{},"executionTime":11,"status":200}
{"timestamp":"2026-06-14T23:45:07.075Z","user":"anonymous","operation":"GET /metrics","parameters":{},"executionTime":10,"status":200}
{"timestamp":"2026-06-14T23:45:22.073Z","user":"anonymous","operation":"GET /metrics","parameters":{},"executionTime":10,"status":200}
{"timestamp":"2026-06-14T23:45:37.073Z","user":"anonymous","operation":"GET /metrics","parameters":{},"executionTime":10,"status":200}
{"timestamp":"2026-06-14T23:45:52.074Z","user":"anonymous","operation":"GET /metrics","parameters":{},"executionTime":11,"status":200}
{"timestamp":"2026-06-14T23:46:07.070Z","user":"anonymous","operation":"GET /metrics","parameters":{},"executionTime":8,"status":200}
{"timestamp":"2026-06-14T23:46:22.071Z","user":"anonymous","operation":"GET /metrics","parameters":{},"executionTime":10,"status":200}
{"timestamp":"2026-06-14T23:46:37.069Z","user":"anonymous","operation":"GET /metrics","parameters":{},"executionTime":9,"status":200}
{"timestamp":"2026-06-14T23:46:52.069Z","user":"anonymous","operation":"GET /metrics","parameters":{},"executionTime":9,"status":200}
{"timestamp":"2026-06-14T23:47:07.070Z","user":"anonymous","operation":"GET /metrics","parameters":{},"executionTime":10,"status":200}
{"timestamp":"2026-06-14T23:47:22.068Z","user":"anonymous","operation":"GET /metrics","parameters":{},"executionTime":9,"status":200}
{"timestamp":"2026-06-14T23:47:37.069Z","user":"anonymous","operation":"GET /metrics","parameters":{},"executionTime":11,"status":200}
{"timestamp":"2026-06-14T23:47:52.068Z","user":"anonymous","operation":"GET /metrics","parameters":{},"executionTime":10,"status":200}
{"timestamp":"2026-06-14T23:48:07.066Z","user":"anonymous","operation":"GET /metrics","parameters":{},"executionTime":9,"status":200}
{"timestamp":"2026-06-14T23:50:22.123Z","user":"anonymous","operation":"GET /metrics","parameters":{},"executionTime":27,"status":200}
{"timestamp":"2026-06-14T23:50:24.320Z","user":"anonymous","operation":"GET /","parameters":{},"executionTime":2,"status":304}
{"timestamp":"2026-06-14T23:50:24.359Z","user":"anonymous","operation":"GET /swagger-ui-bundle.js","parameters":{},"executionTime":2,"status":304}
{"timestamp":"2026-06-14T23:50:24.361Z","user":"anonymous","operation":"GET /swagger-ui-standalone-preset.js","parameters":{},"executionTime":1,"status":304}
{"timestamp":"2026-06-14T23:50:24.368Z","user":"anonymous","operation":"GET /swagger-ui-init.js","parameters":{},"executionTime":6,"status":304}
{"timestamp":"2026-06-14T23:50:24.375Z","user":"anonymous","operation":"GET /swagger-ui.css","parameters":{},"executionTime":13,"status":304}
{"timestamp":"2026-06-14T23:50:37.106Z","user":"anonymous","operation":"GET /metrics","parameters":{},"executionTime":12,"status":200}
{"timestamp":"2026-06-14T23:50:52.107Z","user":"anonymous","operation":"GET /metrics","parameters":{},"executionTime":13,"status":200}
{"timestamp":"2026-06-14T23:51:07.107Z","user":"anonymous","operation":"GET /metrics","parameters":{},"executionTime":14,"status":200}
{"timestamp":"2026-06-14T23:51:22.104Z","user":"anonymous","operation":"GET /metrics","parameters":{},"executionTime":12,"status":200}
{"timestamp":"2026-06-14T23:51:37.105Z","user":"anonymous","operation":"GET /metrics","parameters":{},"executionTime":13,"status":200}
{"timestamp":"2026-06-14T23:51:52.104Z","user":"anonymous","operation":"GET /metrics","parameters":{},"executionTime":12,"status":200}
{"timestamp":"2026-06-14T23:52:07.100Z","user":"anonymous","operation":"GET /metrics","parameters":{},"executionTime":10,"status":200}
{"timestamp":"2026-06-14T23:52:22.098Z","user":"anonymous","operation":"GET /metrics","parameters":{},"executionTime":9,"status":200}
{"timestamp":"2026-06-14T23:52:37.103Z","user":"anonymous","operation":"GET /metrics","parameters":{},"executionTime":14,"status":200}
{"timestamp":"2026-06-14T23:52:52.099Z","user":"anonymous","operation":"GET /metrics","parameters":{},"executionTime":10,"status":200}
{"timestamp":"2026-06-14T23:53:07.101Z","user":"anonymous","operation":"GET /metrics","parameters":{},"executionTime":12,"status":200}
{"timestamp":"2026-06-14T23:53:22.097Z","user":"anonymous","operation":"GET /metrics","parameters":{},"executionTime":9,"status":200}
{"timestamp":"2026-06-14T23:53:37.095Z","user":"anonymous","operation":"GET /metrics","parameters":{},"executionTime":8,"status":200}
{"timestamp":"2026-06-14T23:53:52.096Z","user":"anonymous","operation":"GET /metrics","parameters":{},"executionTime":9,"status":200}
{"timestamp":"2026-06-14T23:54:07.094Z","user":"anonymous","operation":"GET /metrics","parameters":{},"executionTime":8,"status":200}
{"timestamp":"2026-06-14T23:54:22.095Z","user":"anonymous","operation":"GET /metrics","parameters":{},"executionTime":10,"status":200}
{"timestamp":"2026-06-14T23:54:37.094Z","user":"anonymous","operation":"GET /metrics","parameters":{},"executionTime":9,"status":200}
{"timestamp":"2026-06-14T23:54:52.093Z","user":"anonymous","operation":"GET /metrics","parameters":{},"executionTime":9,"status":200}
{"timestamp":"2026-06-14T23:55:07.092Z","user":"anonymous","operation":"GET /metrics","parameters":{},"executionTime":8,"status":200}
{"timestamp":"2026-06-14T23:55:22.092Z","user":"anonymous","operation":"GET /metrics","parameters":{},"executionTime":9,"status":200}
{"timestamp":"2026-06-14T23:55:37.090Z","user":"anonymous","operation":"GET /metrics","parameters":{},"executionTime":8,"status":200}
{"timestamp":"2026-06-14T23:55:52.090Z","user":"anonymous","operation":"GET /metrics","parameters":{},"executionTime":8,"status":200}
{"timestamp":"2026-06-14T23:56:07.090Z","user":"anonymous","operation":"GET /metrics","parameters":{},"executionTime":9,"status":200}
{"timestamp":"2026-06-14T23:56:22.091Z","user":"anonymous","operation":"GET /metrics","parameters":{},"executionTime":10,"status":200}
{"timestamp":"2026-06-14T23:56:37.090Z","user":"anonymous","operation":"GET /metrics","parameters":{},"executionTime":9,"status":200}
{"timestamp":"2026-06-14T23:56:52.089Z","user":"anonymous","operation":"GET /metrics","parameters":{},"executionTime":9,"status":200}
{"timestamp":"2026-06-14T23:57:07.088Z","user":"anonymous","operation":"GET /metrics","parameters":{},"executionTime":8,"status":200}
{"timestamp":"2026-06-14T23:57:20.178Z","user":"anonymous","operation":"POST /login","parameters":{"email":"user1@example.com","password":"***"},"executionTime":111,"status":200}
{"timestamp":"2026-06-14T23:57:22.089Z","user":"anonymous","operation":"GET /metrics","parameters":{},"executionTime":10,"status":200}
{"timestamp":"2026-06-14T23:57:37.086Z","user":"anonymous","operation":"GET /metrics","parameters":{},"executionTime":8,"status":200}
{"timestamp":"2026-06-14T23:57:47.415Z","user":"69efd48d810ad1557da48fbb","operation":"GET /ranking","parameters":{"limit":"50"},"executionTime":33,"status":304}
{"timestamp":"2026-06-14T23:57:52.087Z","user":"anonymous","operation":"GET /metrics","parameters":{},"executionTime":9,"status":200}
{"timestamp":"2026-06-14T23:58:07.087Z","user":"anonymous","operation":"GET /metrics","parameters":{},"executionTime":9,"status":200}
{"timestamp":"2026-06-14T23:58:19.690Z","user":"69efd48d810ad1557da48fbb","operation":"POST /orders/buy","parameters":{"playerId":"6a29e2106bf2eecae9d14e75","tokens":13},"executionTime":6,"status":404}
{"timestamp":"2026-06-14T23:58:21.119Z","user":"69efd48d810ad1557da48fbb","operation":"POST /orders/buy","parameters":{"playerId":"6a29e2106bf2eecae9d14e75","tokens":13},"executionTime":3,"status":404}
{"timestamp":"2026-06-14T23:58:21.597Z","user":"69efd48d810ad1557da48fbb","operation":"POST /orders/buy","parameters":{"playerId":"6a29e2106bf2eecae9d14e75","tokens":13},"executionTime":3,"status":404}
{"timestamp":"2026-06-14T23:58:21.719Z","user":"69efd48d810ad1557da48fbb","operation":"POST /orders/buy","parameters":{"playerId":"6a29e2106bf2eecae9d14e75","tokens":13},"executionTime":3,"status":404}
{"timestamp":"2026-06-14T23:58:21.825Z","user":"69efd48d810ad1557da48fbb","operation":"POST /orders/buy","parameters":{"playerId":"6a29e2106bf2eecae9d14e75","tokens":13},"executionTime":3,"status":404}
{"timestamp":"2026-06-14T23:58:22.087Z","user":"anonymous","operation":"GET /metrics","parameters":{},"executionTime":10,"status":200}
{"timestamp":"2026-06-14T23:58:35.826Z","user":"69efd48d810ad1557da48fbb","operation":"POST /buy","parameters":{"playerId":"6a1de46126c91a12b61c6e84","tokens":13},"executionTime":37,"status":201}
{"timestamp":"2026-06-14T23:58:37.087Z","user":"anonymous","operation":"GET /metrics","parameters":{},"executionTime":11,"status":200}
{"timestamp":"2026-06-14T23:58:52.084Z","user":"anonymous","operation":"GET /metrics","parameters":{},"executionTime":8,"status":200}
{"timestamp":"2026-06-14T23:59:07.086Z","user":"anonymous","operation":"GET /metrics","parameters":{},"executionTime":10,"status":200}
{"timestamp":"2026-06-14T23:59:18.785Z","user":"69efd48d810ad1557da48fbb","operation":"POST /sell","parameters":{"playerId":"6a1de46126c91a12b61c6e84","tokens":5},"executionTime":14,"status":201}
{"timestamp":"2026-06-14T23:59:22.085Z","user":"anonymous","operation":"GET /metrics","parameters":{},"executionTime":11,"status":200}
{"timestamp":"2026-06-14T23:59:37.090Z","user":"anonymous","operation":"GET /metrics","parameters":{},"executionTime":16,"status":200}
{"timestamp":"2026-06-14T23:59:52.086Z","user":"anonymous","operation":"GET /metrics","parameters":{},"executionTime":12,"status":200}
