{"timestamp":"2026-06-15T00:00:07.083Z","user":"anonymous","operation":"GET /metrics","parameters":{},"executionTime":10,"status":200}
{"timestamp":"2026-06-15T00:00:22.083Z","user":"anonymous","operation":"GET /metrics","parameters":{},"executionTime":10,"status":200}
{"timestamp":"2026-06-15T00:00:37.081Z","user":"anonymous","operation":"GET /metrics","parameters":{},"executionTime":8,"status":200}
{"timestamp":"2026-06-15T00:00:52.084Z","user":"anonymous","operation":"GET /metrics","parameters":{},"executionTime":11,"status":200}
{"timestamp":"2026-06-15T00:01:07.080Z","user":"anonymous","operation":"GET /metrics","parameters":{},"executionTime":8,"status":200}
{"timestamp":"2026-06-15T00:01:22.083Z","user":"anonymous","operation":"GET /metrics","parameters":{},"executionTime":13,"status":200}
{"timestamp":"2026-06-15T00:01:37.080Z","user":"anonymous","operation":"GET /metrics","parameters":{},"executionTime":10,"status":200}
{"timestamp":"2026-06-15T00:01:52.081Z","user":"anonymous","operation":"GET /metrics","parameters":{},"executionTime":10,"status":200}
{"timestamp":"2026-06-15T00:02:07.079Z","user":"anonymous","operation":"GET /metrics","parameters":{},"executionTime":10,"status":200}
{"timestamp":"2026-06-15T00:02:22.079Z","user":"anonymous","operation":"GET /metrics","parameters":{},"executionTime":10,"status":200}
{"timestamp":"2026-06-15T00:02:37.076Z","user":"anonymous","operation":"GET /metrics","parameters":{},"executionTime":9,"status":200}
{"timestamp":"2026-06-15T00:02:52.079Z","user":"anonymous","operation":"GET /metrics","parameters":{},"executionTime":11,"status":200}
{"timestamp":"2026-06-15T00:03:07.076Z","user":"anonymous","operation":"GET /metrics","parameters":{},"executionTime":9,"status":200}
{"timestamp":"2026-06-15T00:03:22.076Z","user":"anonymous","operation":"GET /metrics","parameters":{},"executionTime":9,"status":200}
{"timestamp":"2026-06-15T00:03:37.076Z","user":"anonymous","operation":"GET /metrics","parameters":{},"executionTime":9,"status":200}
{"timestamp":"2026-06-15T00:03:52.077Z","user":"anonymous","operation":"GET /metrics","parameters":{},"executionTime":10,"status":200}
{"timestamp":"2026-06-15T00:04:07.077Z","user":"anonymous","operation":"GET /metrics","parameters":{},"executionTime":11,"status":200}
{"timestamp":"2026-06-15T00:04:22.076Z","user":"anonymous","operation":"GET /metrics","parameters":{},"executionTime":11,"status":200}
{"timestamp":"2026-06-15T00:04:37.073Z","user":"anonymous","operation":"GET /metrics","parameters":{},"executionTime":9,"status":200}
{"timestamp":"2026-06-15T00:04:52.073Z","user":"anonymous","operation":"GET /metrics","parameters":{},"executionTime":10,"status":200}
{"timestamp":"2026-06-15T00:05:07.073Z","user":"anonymous","operation":"GET /metrics","parameters":{},"executionTime":9,"status":200}
{"timestamp":"2026-06-15T00:05:22.072Z","user":"anonymous","operation":"GET /metrics","parameters":{},"executionTime":9,"status":200}
{"timestamp":"2026-06-15T00:05:37.070Z","user":"anonymous","operation":"GET /metrics","parameters":{},"executionTime":9,"status":200}
{"timestamp":"2026-06-15T00:05:52.070Z","user":"anonymous","operation":"GET /metrics","parameters":{},"executionTime":9,"status":200}
{"timestamp":"2026-06-15T00:06:07.071Z","user":"anonymous","operation":"GET /metrics","parameters":{},"executionTime":10,"status":200}
{"timestamp":"2026-06-15T00:06:22.071Z","user":"anonymous","operation":"GET /metrics","parameters":{},"executionTime":10,"status":200}
{"timestamp":"2026-06-15T00:06:37.068Z","user":"anonymous","operation":"GET /metrics","parameters":{},"executionTime":9,"status":200}
{"timestamp":"2026-06-15T00:06:52.067Z","user":"anonymous","operation":"GET /metrics","parameters":{},"executionTime":9,"status":200}
{"timestamp":"2026-06-15T00:07:07.070Z","user":"anonymous","operation":"GET /metrics","parameters":{},"executionTime":10,"status":200}
{"timestamp":"2026-06-15T00:07:22.068Z","user":"anonymous","operation":"GET /metrics","parameters":{},"executionTime":10,"status":200}
{"timestamp":"2026-06-15T00:07:37.067Z","user":"anonymous","operation":"GET /metrics","parameters":{},"executionTime":9,"status":200}
{"timestamp":"2026-06-15T00:07:52.067Z","user":"anonymous","operation":"GET /metrics","parameters":{},"executionTime":10,"status":200}
{"timestamp":"2026-06-15T00:08:07.065Z","user":"anonymous","operation":"GET /metrics","parameters":{},"executionTime":9,"status":200}
{"timestamp":"2026-06-15T00:08:22.064Z","user":"anonymous","operation":"GET /metrics","parameters":{},"executionTime":8,"status":200}
{"timestamp":"2026-06-15T00:08:37.063Z","user":"anonymous","operation":"GET /metrics","parameters":{},"executionTime":8,"status":200}
{"timestamp":"2026-06-15T00:08:52.062Z","user":"anonymous","operation":"GET /metrics","parameters":{},"executionTime":8,"status":200}
{"timestamp":"2026-06-15T00:09:07.065Z","user":"anonymous","operation":"GET /metrics","parameters":{},"executionTime":11,"status":200}
{"timestamp":"2026-06-15T00:09:22.061Z","user":"anonymous","operation":"GET /metrics","parameters":{},"executionTime":8,"status":200}
{"timestamp":"2026-06-15T00:09:37.063Z","user":"anonymous","operation":"GET /metrics","parameters":{},"executionTime":9,"status":200}
{"timestamp":"2026-06-15T00:09:52.061Z","user":"anonymous","operation":"GET /metrics","parameters":{},"executionTime":9,"status":200}
{"timestamp":"2026-06-15T00:10:07.062Z","user":"anonymous","operation":"GET /metrics","parameters":{},"executionTime":10,"status":200}
{"timestamp":"2026-06-15T00:10:22.061Z","user":"anonymous","operation":"GET /metrics","parameters":{},"executionTime":9,"status":200}
{"timestamp":"2026-06-15T00:10:37.061Z","user":"anonymous","operation":"GET /metrics","parameters":{},"executionTime":10,"status":200}
{"timestamp":"2026-06-15T00:10:52.059Z","user":"anonymous","operation":"GET /metrics","parameters":{},"executionTime":9,"status":200}
{"timestamp":"2026-06-15T00:11:07.062Z","user":"anonymous","operation":"GET /metrics","parameters":{},"executionTime":11,"status":200}
{"timestamp":"2026-06-15T00:11:26.665Z","user":"anonymous","operation":"GET /","parameters":{},"executionTime":4,"status":304}
{"timestamp":"2026-06-15T00:11:26.691Z","user":"anonymous","operation":"GET /swagger-ui-bundle.js","parameters":{},"executionTime":2,"status":304}
{"timestamp":"2026-06-15T00:11:26.693Z","user":"anonymous","operation":"GET /swagger-ui-init.js","parameters":{},"executionTime":1,"status":200}
{"timestamp":"2026-06-15T00:11:26.694Z","user":"anonymous","operation":"GET /swagger-ui-standalone-preset.js","parameters":{},"executionTime":2,"status":304}
{"timestamp":"2026-06-15T00:11:26.695Z","user":"anonymous","operation":"GET /swagger-ui.css","parameters":{},"executionTime":1,"status":304}
{"timestamp":"2026-06-15T00:11:37.075Z","user":"anonymous","operation":"GET /metrics","parameters":{},"executionTime":26,"status":200}
{"timestamp":"2026-06-15T00:11:52.059Z","user":"anonymous","operation":"GET /metrics","parameters":{},"executionTime":12,"status":200}
{"timestamp":"2026-06-15T00:12:07.060Z","user":"anonymous","operation":"GET /metrics","parameters":{},"executionTime":13,"status":200}
{"timestamp":"2026-06-15T00:12:22.060Z","user":"anonymous","operation":"GET /metrics","parameters":{},"executionTime":12,"status":200}
{"timestamp":"2026-06-15T00:12:37.061Z","user":"anonymous","operation":"GET /metrics","parameters":{},"executionTime":12,"status":200}
{"timestamp":"2026-06-15T00:12:52.059Z","user":"anonymous","operation":"GET /metrics","parameters":{},"executionTime":12,"status":200}
{"timestamp":"2026-06-15T00:13:07.056Z","user":"anonymous","operation":"GET /metrics","parameters":{},"executionTime":9,"status":200}
