{"timestamp":"2026-06-24T13:15:26.915Z","user":"anonymous","operation":"GET /","parameters":{},"executionTime":4,"status":200}
{"timestamp":"2026-06-24T13:15:27.370Z","user":"anonymous","operation":"GET /favicon.ico","parameters":{},"executionTime":3,"status":404}
{"timestamp":"2026-06-24T13:15:30.474Z","user":"anonymous","operation":"GET /demo","parameters":{},"executionTime":3,"status":304}
{"timestamp":"2026-06-24T13:15:30.491Z","user":"anonymous","operation":"GET /","parameters":{},"executionTime":1,"status":304}
{"timestamp":"2026-06-24T13:15:36.911Z","user":"anonymous","operation":"POST /reset","parameters":{},"executionTime":356,"status":200}
{"timestamp":"2026-06-24T13:15:36.981Z","user":"anonymous","operation":"POST /login","parameters":{"email":"demo1@futbol-tokens.local","password":"***"},"executionTime":67,"status":200}
{"timestamp":"2026-06-24T13:15:37.041Z","user":"anonymous","operation":"POST /login","parameters":{"email":"demo2@futbol-tokens.local","password":"***"},"executionTime":56,"status":200}
{"timestamp":"2026-06-24T13:15:37.102Z","user":"anonymous","operation":"POST /login","parameters":{"email":"demo3@futbol-tokens.local","password":"***"},"executionTime":57,"status":200}
{"timestamp":"2026-06-24T13:15:37.161Z","user":"anonymous","operation":"POST /login","parameters":{"email":"demo4@futbol-tokens.local","password":"***"},"executionTime":53,"status":200}
{"timestamp":"2026-06-24T13:15:37.854Z","user":"6a3bd8786049539f6cdc6060","operation":"POST /recalculate","parameters":{"strategy":"PerformanceWeighted"},"executionTime":22,"status":200}
{"timestamp":"2026-06-24T13:15:37.869Z","user":"6a3bd8786049539f6cdc6060","operation":"GET /ranking","parameters":{"limit":"50"},"executionTime":10,"status":200}
{"timestamp":"2026-06-24T13:15:38.556Z","user":"6a3bd8786049539f6cdc6060","operation":"POST /buy","parameters":{"playerId":"6a3bd878bdc464e0aa3e907f","tokens":5},"executionTime":27,"status":201}
{"timestamp":"2026-06-24T13:15:38.566Z","user":"6a3bd8786049539f6cdc6060","operation":"GET /portfolio","parameters":{},"executionTime":6,"status":200}
{"timestamp":"2026-06-24T13:15:38.572Z","user":"6a3bd8786049539f6cdc6061","operation":"GET /portfolio","parameters":{},"executionTime":3,"status":200}
{"timestamp":"2026-06-24T13:15:38.576Z","user":"6a3bd8786049539f6cdc6062","operation":"GET /portfolio","parameters":{},"executionTime":3,"status":304}
{"timestamp":"2026-06-24T13:15:38.579Z","user":"6a3bd8786049539f6cdc6063","operation":"GET /portfolio","parameters":{},"executionTime":2,"status":304}
{"timestamp":"2026-06-24T13:15:38.802Z","user":"6a3bd8786049539f6cdc6060","operation":"POST /buy","parameters":{"playerId":"6a3bd878bdc464e0aa3e9081","tokens":3},"executionTime":37,"status":201}
{"timestamp":"2026-06-24T13:15:38.818Z","user":"6a3bd8786049539f6cdc6060","operation":"GET /portfolio","parameters":{},"executionTime":9,"status":200}
{"timestamp":"2026-06-24T13:15:38.827Z","user":"6a3bd8786049539f6cdc6061","operation":"GET /portfolio","parameters":{},"executionTime":5,"status":200}
{"timestamp":"2026-06-24T13:15:38.833Z","user":"6a3bd8786049539f6cdc6062","operation":"GET /portfolio","parameters":{},"executionTime":3,"status":304}
{"timestamp":"2026-06-24T13:15:38.840Z","user":"6a3bd8786049539f6cdc6063","operation":"GET /portfolio","parameters":{},"executionTime":4,"status":304}
{"timestamp":"2026-06-24T13:15:39.063Z","user":"6a3bd8786049539f6cdc6061","operation":"POST /buy","parameters":{"playerId":"6a3bd878bdc464e0aa3e9081","tokens":4},"executionTime":36,"status":201}
{"timestamp":"2026-06-24T13:15:39.076Z","user":"6a3bd8786049539f6cdc6060","operation":"GET /portfolio","parameters":{},"executionTime":10,"status":200}
{"timestamp":"2026-06-24T13:15:39.087Z","user":"6a3bd8786049539f6cdc6061","operation":"GET /portfolio","parameters":{},"executionTime":9,"status":200}
{"timestamp":"2026-06-24T13:15:39.094Z","user":"6a3bd8786049539f6cdc6062","operation":"GET /portfolio","parameters":{},"executionTime":5,"status":200}
{"timestamp":"2026-06-24T13:15:39.101Z","user":"6a3bd8786049539f6cdc6063","operation":"GET /portfolio","parameters":{},"executionTime":5,"status":304}
{"timestamp":"2026-06-24T13:15:39.316Z","user":"6a3bd8786049539f6cdc6061","operation":"POST /buy","parameters":{"playerId":"6a3bd878bdc464e0aa3e9083","tokens":6},"executionTime":30,"status":201}
{"timestamp":"2026-06-24T13:15:39.326Z","user":"6a3bd8786049539f6cdc6060","operation":"GET /portfolio","parameters":{},"executionTime":5,"status":200}
{"timestamp":"2026-06-24T13:15:39.333Z","user":"6a3bd8786049539f6cdc6061","operation":"GET /portfolio","parameters":{},"executionTime":5,"status":200}
{"timestamp":"2026-06-24T13:15:39.338Z","user":"6a3bd8786049539f6cdc6062","operation":"GET /portfolio","parameters":{},"executionTime":3,"status":200}
{"timestamp":"2026-06-24T13:15:39.343Z","user":"6a3bd8786049539f6cdc6063","operation":"GET /portfolio","parameters":{},"executionTime":4,"status":304}
{"timestamp":"2026-06-24T13:15:39.559Z","user":"6a3bd8786049539f6cdc6062","operation":"POST /buy","parameters":{"playerId":"6a3bd878bdc464e0aa3e9083","tokens":2},"executionTime":32,"status":201}
{"timestamp":"2026-06-24T13:15:39.569Z","user":"6a3bd8786049539f6cdc6060","operation":"GET /portfolio","parameters":{},"executionTime":7,"status":200}
{"timestamp":"2026-06-24T13:15:39.579Z","user":"6a3bd8786049539f6cdc6061","operation":"GET /portfolio","parameters":{},"executionTime":7,"status":200}
{"timestamp":"2026-06-24T13:15:39.587Z","user":"6a3bd8786049539f6cdc6062","operation":"GET /portfolio","parameters":{},"executionTime":6,"status":200}
{"timestamp":"2026-06-24T13:15:39.592Z","user":"6a3bd8786049539f6cdc6063","operation":"GET /portfolio","parameters":{},"executionTime":3,"status":200}
{"timestamp":"2026-06-24T13:15:39.817Z","user":"6a3bd8786049539f6cdc6062","operation":"POST /buy","parameters":{"playerId":"6a3bd878bdc464e0aa3e9085","tokens":5},"executionTime":37,"status":201}
{"timestamp":"2026-06-24T13:15:39.830Z","user":"6a3bd8786049539f6cdc6060","operation":"GET /portfolio","parameters":{},"executionTime":9,"status":200}
{"timestamp":"2026-06-24T13:15:39.840Z","user":"6a3bd8786049539f6cdc6061","operation":"GET /portfolio","parameters":{},"executionTime":7,"status":200}
{"timestamp":"2026-06-24T13:15:39.851Z","user":"6a3bd8786049539f6cdc6062","operation":"GET /portfolio","parameters":{},"executionTime":8,"status":200}
{"timestamp":"2026-06-24T13:15:39.858Z","user":"6a3bd8786049539f6cdc6063","operation":"GET /portfolio","parameters":{},"executionTime":3,"status":200}
{"timestamp":"2026-06-24T13:15:40.075Z","user":"6a3bd8786049539f6cdc6062","operation":"POST /buy","parameters":{"playerId":"6a3bd878bdc464e0aa3e9087","tokens":3},"executionTime":27,"status":201}
{"timestamp":"2026-06-24T13:15:40.085Z","user":"6a3bd8786049539f6cdc6060","operation":"GET /portfolio","parameters":{},"executionTime":7,"status":200}
{"timestamp":"2026-06-24T13:15:40.095Z","user":"6a3bd8786049539f6cdc6061","operation":"GET /portfolio","parameters":{},"executionTime":8,"status":200}
{"timestamp":"2026-06-24T13:15:40.103Z","user":"6a3bd8786049539f6cdc6062","operation":"GET /portfolio","parameters":{},"executionTime":6,"status":200}
{"timestamp":"2026-06-24T13:15:40.109Z","user":"6a3bd8786049539f6cdc6063","operation":"GET /portfolio","parameters":{},"executionTime":3,"status":200}
{"timestamp":"2026-06-24T13:15:40.346Z","user":"6a3bd8786049539f6cdc6063","operation":"POST /buy","parameters":{"playerId":"6a3bd878bdc464e0aa3e907f","tokens":4},"executionTime":48,"status":201}
{"timestamp":"2026-06-24T13:15:40.361Z","user":"6a3bd8786049539f6cdc6060","operation":"GET /portfolio","parameters":{},"executionTime":8,"status":200}
{"timestamp":"2026-06-24T13:15:40.373Z","user":"6a3bd8786049539f6cdc6061","operation":"GET /portfolio","parameters":{},"executionTime":7,"status":200}
{"timestamp":"2026-06-24T13:15:40.387Z","user":"6a3bd8786049539f6cdc6062","operation":"GET /portfolio","parameters":{},"executionTime":7,"status":200}
{"timestamp":"2026-06-24T13:15:40.396Z","user":"6a3bd8786049539f6cdc6063","operation":"GET /portfolio","parameters":{},"executionTime":6,"status":200}
{"timestamp":"2026-06-24T13:15:40.616Z","user":"6a3bd8786049539f6cdc6063","operation":"POST /buy","parameters":{"playerId":"6a3bd878bdc464e0aa3e9085","tokens":4},"executionTime":33,"status":201}
{"timestamp":"2026-06-24T13:15:40.627Z","user":"6a3bd8786049539f6cdc6060","operation":"GET /portfolio","parameters":{},"executionTime":7,"status":200}
{"timestamp":"2026-06-24T13:15:40.635Z","user":"6a3bd8786049539f6cdc6061","operation":"GET /portfolio","parameters":{},"executionTime":6,"status":200}
{"timestamp":"2026-06-24T13:15:40.644Z","user":"6a3bd8786049539f6cdc6062","operation":"GET /portfolio","parameters":{},"executionTime":7,"status":200}
{"timestamp":"2026-06-24T13:15:40.653Z","user":"6a3bd8786049539f6cdc6063","operation":"GET /portfolio","parameters":{},"executionTime":7,"status":200}
{"timestamp":"2026-06-24T13:15:40.874Z","user":"6a3bd8786049539f6cdc6063","operation":"POST /buy","parameters":{"playerId":"6a3bd878bdc464e0aa3e9087","tokens":5},"executionTime":34,"status":201}
{"timestamp":"2026-06-24T13:15:40.886Z","user":"6a3bd8786049539f6cdc6060","operation":"GET /portfolio","parameters":{},"executionTime":7,"status":200}
{"timestamp":"2026-06-24T13:15:40.893Z","user":"6a3bd8786049539f6cdc6061","operation":"GET /portfolio","parameters":{},"executionTime":5,"status":200}
{"timestamp":"2026-06-24T13:15:40.900Z","user":"6a3bd8786049539f6cdc6062","operation":"GET /portfolio","parameters":{},"executionTime":5,"status":200}
{"timestamp":"2026-06-24T13:15:40.908Z","user":"6a3bd8786049539f6cdc6063","operation":"GET /portfolio","parameters":{},"executionTime":6,"status":200}
{"timestamp":"2026-06-24T13:15:41.779Z","user":"anonymous","operation":"POST /advance-time","parameters":{},"executionTime":32,"status":200}
{"timestamp":"2026-06-24T13:15:42.450Z","user":"6a3bd8786049539f6cdc6060","operation":"POST /recalculate","parameters":{"strategy":"PerformanceWeighted"},"executionTime":12,"status":200}
{"timestamp":"2026-06-24T13:15:42.460Z","user":"6a3bd8786049539f6cdc6060","operation":"GET /ranking","parameters":{"limit":"50"},"executionTime":6,"status":200}
{"timestamp":"2026-06-24T13:15:42.471Z","user":"6a3bd8786049539f6cdc6060","operation":"GET /portfolio","parameters":{},"executionTime":6,"status":200}
{"timestamp":"2026-06-24T13:15:42.480Z","user":"6a3bd8786049539f6cdc6061","operation":"GET /portfolio","parameters":{},"executionTime":7,"status":200}
{"timestamp":"2026-06-24T13:15:42.487Z","user":"6a3bd8786049539f6cdc6062","operation":"GET /portfolio","parameters":{},"executionTime":6,"status":200}
{"timestamp":"2026-06-24T13:15:42.494Z","user":"6a3bd8786049539f6cdc6063","operation":"GET /portfolio","parameters":{},"executionTime":5,"status":200}
{"timestamp":"2026-06-24T13:15:43.161Z","user":"6a3bd8786049539f6cdc6060","operation":"GET /sell-posts","parameters":{},"executionTime":7,"status":200}
{"timestamp":"2026-06-24T13:15:43.163Z","user":"6a3bd8786049539f6cdc6060","operation":"GET /bids","parameters":{},"executionTime":5,"status":200}
{"timestamp":"2026-06-24T13:15:43.172Z","user":"6a3bd8786049539f6cdc6060","operation":"GET /ranking","parameters":{"limit":"10"},"executionTime":5,"status":200}
{"timestamp":"2026-06-24T13:15:43.181Z","user":"6a3bd8786049539f6cdc6060","operation":"GET /portfolio","parameters":{},"executionTime":6,"status":200}
{"timestamp":"2026-06-24T13:15:43.188Z","user":"6a3bd8786049539f6cdc6061","operation":"GET /portfolio","parameters":{},"executionTime":5,"status":200}
{"timestamp":"2026-06-24T13:15:43.195Z","user":"6a3bd8786049539f6cdc6062","operation":"GET /portfolio","parameters":{},"executionTime":5,"status":200}
{"timestamp":"2026-06-24T13:15:43.202Z","user":"6a3bd8786049539f6cdc6063","operation":"GET /portfolio","parameters":{},"executionTime":5,"status":200}
{"timestamp":"2026-06-24T13:15:50.069Z","user":"anonymous","operation":"POST /advance-time","parameters":{},"executionTime":29,"status":200}
{"timestamp":"2026-06-24T13:15:50.486Z","user":"6a3bd8786049539f6cdc6060","operation":"POST /recalculate","parameters":{"strategy":"PerformanceWeighted"},"executionTime":12,"status":200}
{"timestamp":"2026-06-24T13:15:50.495Z","user":"6a3bd8786049539f6cdc6060","operation":"GET /ranking","parameters":{"limit":"50"},"executionTime":7,"status":200}
{"timestamp":"2026-06-24T13:15:50.909Z","user":"6a3bd8786049539f6cdc6060","operation":"GET /portfolio","parameters":{},"executionTime":10,"status":200}
{"timestamp":"2026-06-24T13:15:50.918Z","user":"6a3bd8786049539f6cdc6061","operation":"GET /portfolio","parameters":{},"executionTime":6,"status":200}
{"timestamp":"2026-06-24T13:15:50.925Z","user":"6a3bd8786049539f6cdc6062","operation":"GET /portfolio","parameters":{},"executionTime":5,"status":200}
{"timestamp":"2026-06-24T13:15:50.932Z","user":"6a3bd8786049539f6cdc6063","operation":"GET /portfolio","parameters":{},"executionTime":4,"status":200}
{"timestamp":"2026-06-24T13:15:50.959Z","user":"6a3bd8786049539f6cdc6062","operation":"POST /sell","parameters":{"playerId":"6a3bd878bdc464e0aa3e9085","tokens":2},"executionTime":21,"status":201}
{"timestamp":"2026-06-24T13:15:50.964Z","user":"6a3bd8786049539f6cdc6060","operation":"GET /sell-posts","parameters":{},"executionTime":3,"status":200}
{"timestamp":"2026-06-24T13:15:50.965Z","user":"6a3bd8786049539f6cdc6060","operation":"GET /bids","parameters":{},"executionTime":3,"status":304}
{"timestamp":"2026-06-24T13:15:50.972Z","user":"6a3bd8786049539f6cdc6060","operation":"GET /portfolio","parameters":{},"executionTime":4,"status":200}
{"timestamp":"2026-06-24T13:15:50.979Z","user":"6a3bd8786049539f6cdc6061","operation":"GET /portfolio","parameters":{},"executionTime":5,"status":200}
{"timestamp":"2026-06-24T13:15:50.984Z","user":"6a3bd8786049539f6cdc6062","operation":"GET /portfolio","parameters":{},"executionTime":3,"status":200}
{"timestamp":"2026-06-24T13:15:50.990Z","user":"6a3bd8786049539f6cdc6063","operation":"GET /portfolio","parameters":{},"executionTime":4,"status":200}
{"timestamp":"2026-06-24T13:15:51.321Z","user":"6a3bd8786049539f6cdc6060","operation":"POST /bid","parameters":{"playerId":"6a3bd878bdc464e0aa3e9087","tokens":2},"executionTime":26,"status":201}
{"timestamp":"2026-06-24T13:15:51.330Z","user":"6a3bd8786049539f6cdc6060","operation":"GET /sell-posts","parameters":{},"executionTime":6,"status":304}
{"timestamp":"2026-06-24T13:15:51.330Z","user":"6a3bd8786049539f6cdc6060","operation":"GET /bids","parameters":{},"executionTime":3,"status":200}
{"timestamp":"2026-06-24T13:15:51.340Z","user":"6a3bd8786049539f6cdc6060","operation":"GET /portfolio","parameters":{},"executionTime":6,"status":200}
{"timestamp":"2026-06-24T13:15:51.349Z","user":"6a3bd8786049539f6cdc6061","operation":"GET /portfolio","parameters":{},"executionTime":6,"status":200}
{"timestamp":"2026-06-24T13:15:51.357Z","user":"6a3bd8786049539f6cdc6062","operation":"GET /portfolio","parameters":{},"executionTime":6,"status":200}
{"timestamp":"2026-06-24T13:15:51.366Z","user":"6a3bd8786049539f6cdc6063","operation":"GET /portfolio","parameters":{},"executionTime":6,"status":200}
{"timestamp":"2026-06-24T13:15:51.376Z","user":"6a3bd8786049539f6cdc6060","operation":"GET /portfolio","parameters":{},"executionTime":6,"status":200}
{"timestamp":"2026-06-24T13:15:51.382Z","user":"6a3bd8786049539f6cdc6061","operation":"GET /portfolio","parameters":{},"executionTime":5,"status":200}
{"timestamp":"2026-06-24T13:15:51.391Z","user":"6a3bd8786049539f6cdc6062","operation":"GET /portfolio","parameters":{},"executionTime":5,"status":200}
{"timestamp":"2026-06-24T13:15:51.399Z","user":"6a3bd8786049539f6cdc6063","operation":"GET /portfolio","parameters":{},"executionTime":5,"status":200}
{"timestamp":"2026-06-24T13:15:52.820Z","user":"anonymous","operation":"POST /advance-time","parameters":{},"executionTime":15,"status":200}
{"timestamp":"2026-06-24T13:15:53.240Z","user":"6a3bd8786049539f6cdc6060","operation":"POST /recalculate","parameters":{"strategy":"PerformanceWeighted"},"executionTime":15,"status":200}
{"timestamp":"2026-06-24T13:15:53.255Z","user":"6a3bd8786049539f6cdc6060","operation":"GET /ranking","parameters":{"limit":"50"},"executionTime":11,"status":200}
{"timestamp":"2026-06-24T13:15:53.687Z","user":"6a3bd8786049539f6cdc6063","operation":"POST /bid","parameters":{"playerId":"6a3bd878bdc464e0aa3e9087","tokens":2},"executionTime":26,"status":201}
{"timestamp":"2026-06-24T13:15:53.695Z","user":"6a3bd8786049539f6cdc6060","operation":"GET /sell-posts","parameters":{},"executionTime":3,"status":304}
{"timestamp":"2026-06-24T13:15:53.696Z","user":"6a3bd8786049539f6cdc6060","operation":"GET /bids","parameters":{},"executionTime":3,"status":200}
{"timestamp":"2026-06-24T13:15:53.703Z","user":"6a3bd8786049539f6cdc6060","operation":"GET /portfolio","parameters":{},"executionTime":4,"status":200}
{"timestamp":"2026-06-24T13:15:53.709Z","user":"6a3bd8786049539f6cdc6061","operation":"GET /portfolio","parameters":{},"executionTime":4,"status":200}
{"timestamp":"2026-06-24T13:15:53.716Z","user":"6a3bd8786049539f6cdc6062","operation":"GET /portfolio","parameters":{},"executionTime":5,"status":200}
{"timestamp":"2026-06-24T13:15:53.722Z","user":"6a3bd8786049539f6cdc6063","operation":"GET /portfolio","parameters":{},"executionTime":4,"status":200}
{"timestamp":"2026-06-24T13:15:54.039Z","user":"6a3bd8786049539f6cdc6060","operation":"GET /portfolio","parameters":{},"executionTime":11,"status":200}
{"timestamp":"2026-06-24T13:15:54.052Z","user":"6a3bd8786049539f6cdc6061","operation":"GET /portfolio","parameters":{},"executionTime":9,"status":200}
{"timestamp":"2026-06-24T13:15:54.062Z","user":"6a3bd8786049539f6cdc6062","operation":"GET /portfolio","parameters":{},"executionTime":5,"status":200}
{"timestamp":"2026-06-24T13:15:54.069Z","user":"6a3bd8786049539f6cdc6063","operation":"GET /portfolio","parameters":{},"executionTime":5,"status":200}
{"timestamp":"2026-06-24T13:15:54.089Z","user":"6a3bd8786049539f6cdc6060","operation":"POST /sell","parameters":{"playerId":"6a3bd878bdc464e0aa3e907f","tokens":2},"executionTime":16,"status":201}
{"timestamp":"2026-06-24T13:15:54.095Z","user":"6a3bd8786049539f6cdc6060","operation":"GET /sell-posts","parameters":{},"executionTime":4,"status":200}
{"timestamp":"2026-06-24T13:15:54.096Z","user":"6a3bd8786049539f6cdc6060","operation":"GET /bids","parameters":{},"executionTime":3,"status":304}
{"timestamp":"2026-06-24T13:15:54.104Z","user":"6a3bd8786049539f6cdc6060","operation":"GET /portfolio","parameters":{},"executionTime":5,"status":200}
{"timestamp":"2026-06-24T13:15:54.110Z","user":"6a3bd8786049539f6cdc6061","operation":"GET /portfolio","parameters":{},"executionTime":4,"status":200}
{"timestamp":"2026-06-24T13:15:54.117Z","user":"6a3bd8786049539f6cdc6062","operation":"GET /portfolio","parameters":{},"executionTime":5,"status":200}
{"timestamp":"2026-06-24T13:15:54.123Z","user":"6a3bd8786049539f6cdc6063","operation":"GET /portfolio","parameters":{},"executionTime":5,"status":200}
{"timestamp":"2026-06-24T13:15:54.130Z","user":"6a3bd8786049539f6cdc6060","operation":"GET /portfolio","parameters":{},"executionTime":4,"status":200}
{"timestamp":"2026-06-24T13:15:54.137Z","user":"6a3bd8786049539f6cdc6061","operation":"GET /portfolio","parameters":{},"executionTime":5,"status":200}
{"timestamp":"2026-06-24T13:15:54.144Z","user":"6a3bd8786049539f6cdc6062","operation":"GET /portfolio","parameters":{},"executionTime":4,"status":200}
{"timestamp":"2026-06-24T13:15:54.149Z","user":"6a3bd8786049539f6cdc6063","operation":"GET /portfolio","parameters":{},"executionTime":4,"status":200}
{"timestamp":"2026-06-24T13:15:55.592Z","user":"anonymous","operation":"POST /advance-time","parameters":{},"executionTime":33,"status":200}
{"timestamp":"2026-06-24T13:15:56.019Z","user":"6a3bd8786049539f6cdc6060","operation":"POST /recalculate","parameters":{"strategy":"PerformanceWeighted"},"executionTime":16,"status":200}
{"timestamp":"2026-06-24T13:15:56.034Z","user":"6a3bd8786049539f6cdc6060","operation":"GET /ranking","parameters":{"limit":"50"},"executionTime":10,"status":200}
{"timestamp":"2026-06-24T13:15:56.452Z","user":"6a3bd8786049539f6cdc6060","operation":"GET /portfolio","parameters":{},"executionTime":10,"status":200}
{"timestamp":"2026-06-24T13:15:56.465Z","user":"6a3bd8786049539f6cdc6061","operation":"GET /portfolio","parameters":{},"executionTime":9,"status":200}
{"timestamp":"2026-06-24T13:15:56.475Z","user":"6a3bd8786049539f6cdc6062","operation":"GET /portfolio","parameters":{},"executionTime":7,"status":200}
{"timestamp":"2026-06-24T13:15:56.483Z","user":"6a3bd8786049539f6cdc6063","operation":"GET /portfolio","parameters":{},"executionTime":6,"status":200}
{"timestamp":"2026-06-24T13:15:56.513Z","user":"6a3bd8786049539f6cdc6063","operation":"POST /sell","parameters":{"playerId":"6a3bd878bdc464e0aa3e907f","tokens":1},"executionTime":26,"status":201}
{"timestamp":"2026-06-24T13:15:56.522Z","user":"6a3bd8786049539f6cdc6060","operation":"GET /sell-posts","parameters":{},"executionTime":7,"status":200}
{"timestamp":"2026-06-24T13:15:56.522Z","user":"6a3bd8786049539f6cdc6060","operation":"GET /bids","parameters":{},"executionTime":4,"status":304}
{"timestamp":"2026-06-24T13:15:56.531Z","user":"6a3bd8786049539f6cdc6060","operation":"GET /portfolio","parameters":{},"executionTime":5,"status":200}
{"timestamp":"2026-06-24T13:15:56.537Z","user":"6a3bd8786049539f6cdc6061","operation":"GET /portfolio","parameters":{},"executionTime":4,"status":200}
{"timestamp":"2026-06-24T13:15:56.546Z","user":"6a3bd8786049539f6cdc6062","operation":"GET /portfolio","parameters":{},"executionTime":5,"status":200}
{"timestamp":"2026-06-24T13:15:56.553Z","user":"6a3bd8786049539f6cdc6063","operation":"GET /portfolio","parameters":{},"executionTime":4,"status":200}
{"timestamp":"2026-06-24T13:15:56.909Z","user":"6a3bd8786049539f6cdc6061","operation":"POST /bid","parameters":{"playerId":"6a3bd878bdc464e0aa3e907f","tokens":1},"executionTime":49,"status":201}
{"timestamp":"2026-06-24T13:15:56.920Z","user":"6a3bd8786049539f6cdc6060","operation":"GET /sell-posts","parameters":{},"executionTime":6,"status":200}
{"timestamp":"2026-06-24T13:15:56.922Z","user":"6a3bd8786049539f6cdc6060","operation":"GET /bids","parameters":{},"executionTime":4,"status":304}
{"timestamp":"2026-06-24T13:15:56.930Z","user":"6a3bd8786049539f6cdc6060","operation":"GET /portfolio","parameters":{},"executionTime":5,"status":200}
{"timestamp":"2026-06-24T13:15:56.938Z","user":"6a3bd8786049539f6cdc6061","operation":"GET /portfolio","parameters":{},"executionTime":6,"status":200}
{"timestamp":"2026-06-24T13:15:56.945Z","user":"6a3bd8786049539f6cdc6062","operation":"GET /portfolio","parameters":{},"executionTime":5,"status":200}
{"timestamp":"2026-06-24T13:15:56.953Z","user":"6a3bd8786049539f6cdc6063","operation":"GET /portfolio","parameters":{},"executionTime":5,"status":200}
{"timestamp":"2026-06-24T13:15:56.961Z","user":"6a3bd8786049539f6cdc6060","operation":"GET /portfolio","parameters":{},"executionTime":4,"status":200}
{"timestamp":"2026-06-24T13:15:56.970Z","user":"6a3bd8786049539f6cdc6061","operation":"GET /portfolio","parameters":{},"executionTime":5,"status":200}
{"timestamp":"2026-06-24T13:15:56.979Z","user":"6a3bd8786049539f6cdc6062","operation":"GET /portfolio","parameters":{},"executionTime":6,"status":200}
{"timestamp":"2026-06-24T13:15:56.985Z","user":"6a3bd8786049539f6cdc6063","operation":"GET /portfolio","parameters":{},"executionTime":4,"status":200}
{"timestamp":"2026-06-24T13:15:58.422Z","user":"anonymous","operation":"POST /advance-time","parameters":{},"executionTime":29,"status":200}
{"timestamp":"2026-06-24T13:15:58.845Z","user":"6a3bd8786049539f6cdc6060","operation":"POST /recalculate","parameters":{"strategy":"PerformanceWeighted"},"executionTime":16,"status":200}
{"timestamp":"2026-06-24T13:15:58.858Z","user":"6a3bd8786049539f6cdc6060","operation":"GET /ranking","parameters":{"limit":"50"},"executionTime":9,"status":200}
{"timestamp":"2026-06-24T13:15:59.280Z","user":"6a3bd8786049539f6cdc6060","operation":"POST /bid","parameters":{"playerId":"6a3bd878bdc464e0aa3e9083","tokens":2},"executionTime":16,"status":201}
{"timestamp":"2026-06-24T13:15:59.290Z","user":"6a3bd8786049539f6cdc6060","operation":"GET /sell-posts","parameters":{},"executionTime":6,"status":304}
{"timestamp":"2026-06-24T13:15:59.292Z","user":"6a3bd8786049539f6cdc6060","operation":"GET /bids","parameters":{},"executionTime":4,"status":200}
{"timestamp":"2026-06-24T13:15:59.299Z","user":"6a3bd8786049539f6cdc6060","operation":"GET /portfolio","parameters":{},"executionTime":4,"status":200}
{"timestamp":"2026-06-24T13:15:59.305Z","user":"6a3bd8786049539f6cdc6061","operation":"GET /portfolio","parameters":{},"executionTime":3,"status":200}
{"timestamp":"2026-06-24T13:15:59.314Z","user":"6a3bd8786049539f6cdc6062","operation":"GET /portfolio","parameters":{},"executionTime":7,"status":200}
{"timestamp":"2026-06-24T13:15:59.323Z","user":"6a3bd8786049539f6cdc6063","operation":"GET /portfolio","parameters":{},"executionTime":7,"status":200}
{"timestamp":"2026-06-24T13:15:59.640Z","user":"6a3bd8786049539f6cdc6060","operation":"GET /portfolio","parameters":{},"executionTime":12,"status":200}
{"timestamp":"2026-06-24T13:15:59.654Z","user":"6a3bd8786049539f6cdc6061","operation":"GET /portfolio","parameters":{},"executionTime":11,"status":200}
{"timestamp":"2026-06-24T13:15:59.663Z","user":"6a3bd8786049539f6cdc6062","operation":"GET /portfolio","parameters":{},"executionTime":6,"status":200}
{"timestamp":"2026-06-24T13:15:59.672Z","user":"6a3bd8786049539f6cdc6063","operation":"GET /portfolio","parameters":{},"executionTime":6,"status":200}
{"timestamp":"2026-06-24T13:15:59.705Z","user":"6a3bd8786049539f6cdc6062","operation":"POST /sell","parameters":{"playerId":"6a3bd878bdc464e0aa3e9083","tokens":1},"executionTime":30,"status":201}
{"timestamp":"2026-06-24T13:15:59.711Z","user":"6a3bd8786049539f6cdc6060","operation":"GET /sell-posts","parameters":{},"executionTime":4,"status":304}
{"timestamp":"2026-06-24T13:15:59.712Z","user":"6a3bd8786049539f6cdc6060","operation":"GET /bids","parameters":{},"executionTime":3,"status":200}
{"timestamp":"2026-06-24T13:15:59.719Z","user":"6a3bd8786049539f6cdc6060","operation":"GET /portfolio","parameters":{},"executionTime":4,"status":200}
{"timestamp":"2026-06-24T13:15:59.723Z","user":"6a3bd8786049539f6cdc6061","operation":"GET /portfolio","parameters":{},"executionTime":3,"status":200}
{"timestamp":"2026-06-24T13:15:59.728Z","user":"6a3bd8786049539f6cdc6062","operation":"GET /portfolio","parameters":{},"executionTime":3,"status":200}
{"timestamp":"2026-06-24T13:15:59.734Z","user":"6a3bd8786049539f6cdc6063","operation":"GET /portfolio","parameters":{},"executionTime":3,"status":200}
{"timestamp":"2026-06-24T13:15:59.740Z","user":"6a3bd8786049539f6cdc6060","operation":"GET /portfolio","parameters":{},"executionTime":3,"status":200}
{"timestamp":"2026-06-24T13:15:59.744Z","user":"6a3bd8786049539f6cdc6061","operation":"GET /portfolio","parameters":{},"executionTime":2,"status":200}
{"timestamp":"2026-06-24T13:15:59.749Z","user":"6a3bd8786049539f6cdc6062","operation":"GET /portfolio","parameters":{},"executionTime":3,"status":200}
{"timestamp":"2026-06-24T13:15:59.752Z","user":"6a3bd8786049539f6cdc6063","operation":"GET /portfolio","parameters":{},"executionTime":2,"status":200}
{"timestamp":"2026-06-24T13:16:01.189Z","user":"anonymous","operation":"POST /advance-time","parameters":{},"executionTime":28,"status":200}
{"timestamp":"2026-06-24T13:16:01.612Z","user":"6a3bd8786049539f6cdc6060","operation":"POST /recalculate","parameters":{"strategy":"PerformanceWeighted"},"executionTime":16,"status":200}
{"timestamp":"2026-06-24T13:16:01.625Z","user":"6a3bd8786049539f6cdc6060","operation":"GET /ranking","parameters":{"limit":"50"},"executionTime":9,"status":200}
{"timestamp":"2026-06-24T13:16:02.041Z","user":"6a3bd8786049539f6cdc6060","operation":"GET /portfolio","parameters":{},"executionTime":10,"status":200}
{"timestamp":"2026-06-24T13:16:02.056Z","user":"6a3bd8786049539f6cdc6061","operation":"GET /portfolio","parameters":{},"executionTime":11,"status":200}
{"timestamp":"2026-06-24T13:16:02.065Z","user":"6a3bd8786049539f6cdc6062","operation":"GET /portfolio","parameters":{},"executionTime":6,"status":200}
{"timestamp":"2026-06-24T13:16:02.072Z","user":"6a3bd8786049539f6cdc6063","operation":"GET /portfolio","parameters":{},"executionTime":3,"status":200}
{"timestamp":"2026-06-24T13:16:02.094Z","user":"6a3bd8786049539f6cdc6060","operation":"POST /sell","parameters":{"playerId":"6a3bd878bdc464e0aa3e9081","tokens":2},"executionTime":18,"status":201}
{"timestamp":"2026-06-24T13:16:02.099Z","user":"6a3bd8786049539f6cdc6060","operation":"GET /sell-posts","parameters":{},"executionTime":3,"status":200}
{"timestamp":"2026-06-24T13:16:02.100Z","user":"6a3bd8786049539f6cdc6060","operation":"GET /bids","parameters":{},"executionTime":3,"status":304}
{"timestamp":"2026-06-24T13:16:02.106Z","user":"6a3bd8786049539f6cdc6060","operation":"GET /portfolio","parameters":{},"executionTime":4,"status":200}
{"timestamp":"2026-06-24T13:16:02.113Z","user":"6a3bd8786049539f6cdc6061","operation":"GET /portfolio","parameters":{},"executionTime":5,"status":200}
{"timestamp":"2026-06-24T13:16:02.118Z","user":"6a3bd8786049539f6cdc6062","operation":"GET /portfolio","parameters":{},"executionTime":3,"status":200}
{"timestamp":"2026-06-24T13:16:02.124Z","user":"6a3bd8786049539f6cdc6063","operation":"GET /portfolio","parameters":{},"executionTime":4,"status":200}
{"timestamp":"2026-06-24T13:16:02.455Z","user":"6a3bd8786049539f6cdc6063","operation":"POST /bid","parameters":{"playerId":"6a3bd878bdc464e0aa3e9087","tokens":1},"executionTime":25,"status":201}
{"timestamp":"2026-06-24T13:16:02.465Z","user":"6a3bd8786049539f6cdc6060","operation":"GET /sell-posts","parameters":{},"executionTime":7,"status":304}
{"timestamp":"2026-06-24T13:16:02.467Z","user":"6a3bd8786049539f6cdc6060","operation":"GET /bids","parameters":{},"executionTime":4,"status":200}
{"timestamp":"2026-06-24T13:16:02.476Z","user":"6a3bd8786049539f6cdc6060","operation":"GET /portfolio","parameters":{},"executionTime":5,"status":200}
{"timestamp":"2026-06-24T13:16:02.482Z","user":"6a3bd8786049539f6cdc6061","operation":"GET /portfolio","parameters":{},"executionTime":4,"status":200}
{"timestamp":"2026-06-24T13:16:02.489Z","user":"6a3bd8786049539f6cdc6062","operation":"GET /portfolio","parameters":{},"executionTime":5,"status":200}
{"timestamp":"2026-06-24T13:16:02.496Z","user":"6a3bd8786049539f6cdc6063","operation":"GET /portfolio","parameters":{},"executionTime":5,"status":200}
{"timestamp":"2026-06-24T13:16:02.504Z","user":"6a3bd8786049539f6cdc6060","operation":"GET /portfolio","parameters":{},"executionTime":5,"status":200}
{"timestamp":"2026-06-24T13:16:02.509Z","user":"6a3bd8786049539f6cdc6061","operation":"GET /portfolio","parameters":{},"executionTime":3,"status":200}
{"timestamp":"2026-06-24T13:16:02.515Z","user":"6a3bd8786049539f6cdc6062","operation":"GET /portfolio","parameters":{},"executionTime":4,"status":200}
{"timestamp":"2026-06-24T13:16:02.521Z","user":"6a3bd8786049539f6cdc6063","operation":"GET /portfolio","parameters":{},"executionTime":4,"status":200}
{"timestamp":"2026-06-24T13:16:03.959Z","user":"anonymous","operation":"POST /advance-time","parameters":{},"executionTime":30,"status":200}
{"timestamp":"2026-06-24T13:16:04.380Z","user":"6a3bd8786049539f6cdc6060","operation":"POST /recalculate","parameters":{"strategy":"PerformanceWeighted"},"executionTime":14,"status":200}
{"timestamp":"2026-06-24T13:16:04.390Z","user":"6a3bd8786049539f6cdc6060","operation":"GET /ranking","parameters":{"limit":"50"},"executionTime":7,"status":200}
{"timestamp":"2026-06-24T13:16:04.819Z","user":"6a3bd8786049539f6cdc6063","operation":"POST /bid","parameters":{"playerId":"6a3bd878bdc464e0aa3e9087","tokens":4},"executionTime":23,"status":201}
{"timestamp":"2026-06-24T13:16:04.832Z","user":"6a3bd8786049539f6cdc6060","operation":"GET /sell-posts","parameters":{},"executionTime":9,"status":304}
{"timestamp":"2026-06-24T13:16:04.833Z","user":"6a3bd8786049539f6cdc6060","operation":"GET /bids","parameters":{},"executionTime":7,"status":200}
{"timestamp":"2026-06-24T13:16:04.842Z","user":"6a3bd8786049539f6cdc6060","operation":"GET /portfolio","parameters":{},"executionTime":5,"status":200}
{"timestamp":"2026-06-24T13:16:04.847Z","user":"6a3bd8786049539f6cdc6061","operation":"GET /portfolio","parameters":{},"executionTime":3,"status":200}
{"timestamp":"2026-06-24T13:16:04.854Z","user":"6a3bd8786049539f6cdc6062","operation":"GET /portfolio","parameters":{},"executionTime":5,"status":200}
{"timestamp":"2026-06-24T13:16:04.862Z","user":"6a3bd8786049539f6cdc6063","operation":"GET /portfolio","parameters":{},"executionTime":5,"status":200}
{"timestamp":"2026-06-24T13:16:05.180Z","user":"6a3bd8786049539f6cdc6060","operation":"GET /portfolio","parameters":{},"executionTime":12,"status":200}
{"timestamp":"2026-06-24T13:16:05.192Z","user":"6a3bd8786049539f6cdc6061","operation":"GET /portfolio","parameters":{},"executionTime":8,"status":200}
{"timestamp":"2026-06-24T13:16:05.204Z","user":"6a3bd8786049539f6cdc6062","operation":"GET /portfolio","parameters":{},"executionTime":8,"status":200}
{"timestamp":"2026-06-24T13:16:05.217Z","user":"6a3bd8786049539f6cdc6063","operation":"GET /portfolio","parameters":{},"executionTime":8,"status":200}
{"timestamp":"2026-06-24T13:16:05.247Z","user":"6a3bd8786049539f6cdc6062","operation":"POST /sell","parameters":{"playerId":"6a3bd878bdc464e0aa3e9087","tokens":1},"executionTime":26,"status":201}
{"timestamp":"2026-06-24T13:16:05.254Z","user":"6a3bd8786049539f6cdc6060","operation":"GET /sell-posts","parameters":{},"executionTime":4,"status":304}
{"timestamp":"2026-06-24T13:16:05.255Z","user":"6a3bd8786049539f6cdc6060","operation":"GET /bids","parameters":{},"executionTime":3,"status":200}
{"timestamp":"2026-06-24T13:16:05.263Z","user":"6a3bd8786049539f6cdc6060","operation":"GET /portfolio","parameters":{},"executionTime":5,"status":200}
{"timestamp":"2026-06-24T13:16:05.268Z","user":"6a3bd8786049539f6cdc6061","operation":"GET /portfolio","parameters":{},"executionTime":3,"status":200}
{"timestamp":"2026-06-24T13:16:05.273Z","user":"6a3bd8786049539f6cdc6062","operation":"GET /portfolio","parameters":{},"executionTime":3,"status":200}
{"timestamp":"2026-06-24T13:16:05.279Z","user":"6a3bd8786049539f6cdc6063","operation":"GET /portfolio","parameters":{},"executionTime":4,"status":200}
{"timestamp":"2026-06-24T13:16:05.287Z","user":"6a3bd8786049539f6cdc6060","operation":"GET /portfolio","parameters":{},"executionTime":4,"status":200}
{"timestamp":"2026-06-24T13:16:05.294Z","user":"6a3bd8786049539f6cdc6061","operation":"GET /portfolio","parameters":{},"executionTime":4,"status":200}
{"timestamp":"2026-06-24T13:16:05.299Z","user":"6a3bd8786049539f6cdc6062","operation":"GET /portfolio","parameters":{},"executionTime":3,"status":200}
{"timestamp":"2026-06-24T13:16:05.307Z","user":"6a3bd8786049539f6cdc6063","operation":"GET /portfolio","parameters":{},"executionTime":4,"status":200}
{"timestamp":"2026-06-24T13:16:06.748Z","user":"anonymous","operation":"POST /advance-time","parameters":{},"executionTime":32,"status":200}
{"timestamp":"2026-06-24T13:16:07.172Z","user":"6a3bd8786049539f6cdc6060","operation":"POST /recalculate","parameters":{"strategy":"PerformanceWeighted"},"executionTime":18,"status":200}
{"timestamp":"2026-06-24T13:16:07.182Z","user":"6a3bd8786049539f6cdc6060","operation":"GET /ranking","parameters":{"limit":"50"},"executionTime":6,"status":200}
{"timestamp":"2026-06-24T13:16:07.599Z","user":"6a3bd8786049539f6cdc6060","operation":"GET /portfolio","parameters":{},"executionTime":10,"status":200}
{"timestamp":"2026-06-24T13:16:07.613Z","user":"6a3bd8786049539f6cdc6061","operation":"GET /portfolio","parameters":{},"executionTime":10,"status":200}
{"timestamp":"2026-06-24T13:16:07.623Z","user":"6a3bd8786049539f6cdc6062","operation":"GET /portfolio","parameters":{},"executionTime":7,"status":200}
{"timestamp":"2026-06-24T13:16:07.630Z","user":"6a3bd8786049539f6cdc6063","operation":"GET /portfolio","parameters":{},"executionTime":3,"status":200}
{"timestamp":"2026-06-24T13:16:07.649Z","user":"6a3bd8786049539f6cdc6063","operation":"POST /sell","parameters":{"playerId":"6a3bd878bdc464e0aa3e907f","tokens":1},"executionTime":15,"status":201}
{"timestamp":"2026-06-24T13:16:07.655Z","user":"6a3bd8786049539f6cdc6060","operation":"GET /sell-posts","parameters":{},"executionTime":3,"status":200}
{"timestamp":"2026-06-24T13:16:07.655Z","user":"6a3bd8786049539f6cdc6060","operation":"GET /bids","parameters":{},"executionTime":2,"status":304}
{"timestamp":"2026-06-24T13:16:07.664Z","user":"6a3bd8786049539f6cdc6060","operation":"GET /portfolio","parameters":{},"executionTime":6,"status":200}
{"timestamp":"2026-06-24T13:16:07.671Z","user":"6a3bd8786049539f6cdc6061","operation":"GET /portfolio","parameters":{},"executionTime":5,"status":200}
{"timestamp":"2026-06-24T13:16:07.677Z","user":"6a3bd8786049539f6cdc6062","operation":"GET /portfolio","parameters":{},"executionTime":4,"status":200}
{"timestamp":"2026-06-24T13:16:07.684Z","user":"6a3bd8786049539f6cdc6063","operation":"GET /portfolio","parameters":{},"executionTime":4,"status":200}
{"timestamp":"2026-06-24T13:16:08.001Z","user":"6a3bd8786049539f6cdc6062","operation":"POST /bid","parameters":{"playerId":"6a3bd878bdc464e0aa3e9085","tokens":1},"executionTime":12,"status":201}
{"timestamp":"2026-06-24T13:16:08.006Z","user":"6a3bd8786049539f6cdc6060","operation":"GET /sell-posts","parameters":{},"executionTime":2,"status":304}
{"timestamp":"2026-06-24T13:16:08.007Z","user":"6a3bd8786049539f6cdc6060","operation":"GET /bids","parameters":{},"executionTime":2,"status":200}
{"timestamp":"2026-06-24T13:16:08.015Z","user":"6a3bd8786049539f6cdc6060","operation":"GET /portfolio","parameters":{},"executionTime":5,"status":200}
{"timestamp":"2026-06-24T13:16:08.021Z","user":"6a3bd8786049539f6cdc6061","operation":"GET /portfolio","parameters":{},"executionTime":4,"status":200}
{"timestamp":"2026-06-24T13:16:08.027Z","user":"6a3bd8786049539f6cdc6062","operation":"GET /portfolio","parameters":{},"executionTime":4,"status":200}
{"timestamp":"2026-06-24T13:16:08.033Z","user":"6a3bd8786049539f6cdc6063","operation":"GET /portfolio","parameters":{},"executionTime":3,"status":200}
{"timestamp":"2026-06-24T13:16:08.041Z","user":"6a3bd8786049539f6cdc6060","operation":"GET /portfolio","parameters":{},"executionTime":5,"status":200}
{"timestamp":"2026-06-24T13:16:08.047Z","user":"6a3bd8786049539f6cdc6061","operation":"GET /portfolio","parameters":{},"executionTime":4,"status":200}
{"timestamp":"2026-06-24T13:16:08.054Z","user":"6a3bd8786049539f6cdc6062","operation":"GET /portfolio","parameters":{},"executionTime":5,"status":200}
{"timestamp":"2026-06-24T13:16:08.060Z","user":"6a3bd8786049539f6cdc6063","operation":"GET /portfolio","parameters":{},"executionTime":4,"status":200}
{"timestamp":"2026-06-24T13:16:09.496Z","user":"anonymous","operation":"POST /advance-time","parameters":{},"executionTime":27,"status":200}
{"timestamp":"2026-06-24T13:16:09.918Z","user":"6a3bd8786049539f6cdc6060","operation":"POST /recalculate","parameters":{"strategy":"PerformanceWeighted"},"executionTime":15,"status":200}
{"timestamp":"2026-06-24T13:16:09.933Z","user":"6a3bd8786049539f6cdc6060","operation":"GET /ranking","parameters":{"limit":"50"},"executionTime":11,"status":200}
{"timestamp":"2026-06-24T13:16:10.381Z","user":"6a3bd8786049539f6cdc6062","operation":"POST /bid","parameters":{"playerId":"6a3bd878bdc464e0aa3e907f","tokens":1},"executionTime":42,"status":201}
{"timestamp":"2026-06-24T13:16:10.392Z","user":"6a3bd8786049539f6cdc6060","operation":"GET /sell-posts","parameters":{},"executionTime":6,"status":200}
{"timestamp":"2026-06-24T13:16:10.393Z","user":"6a3bd8786049539f6cdc6060","operation":"GET /bids","parameters":{},"executionTime":4,"status":304}
{"timestamp":"2026-06-24T13:16:10.402Z","user":"6a3bd8786049539f6cdc6060","operation":"GET /portfolio","parameters":{},"executionTime":5,"status":200}
{"timestamp":"2026-06-24T13:16:10.407Z","user":"6a3bd8786049539f6cdc6061","operation":"GET /portfolio","parameters":{},"executionTime":3,"status":200}
{"timestamp":"2026-06-24T13:16:10.414Z","user":"6a3bd8786049539f6cdc6062","operation":"GET /portfolio","parameters":{},"executionTime":5,"status":200}
{"timestamp":"2026-06-24T13:16:10.422Z","user":"6a3bd8786049539f6cdc6063","operation":"GET /portfolio","parameters":{},"executionTime":6,"status":200}
{"timestamp":"2026-06-24T13:16:10.738Z","user":"6a3bd8786049539f6cdc6060","operation":"GET /portfolio","parameters":{},"executionTime":10,"status":200}
{"timestamp":"2026-06-24T13:16:10.752Z","user":"6a3bd8786049539f6cdc6061","operation":"GET /portfolio","parameters":{},"executionTime":10,"status":200}
{"timestamp":"2026-06-24T13:16:10.763Z","user":"6a3bd8786049539f6cdc6062","operation":"GET /portfolio","parameters":{},"executionTime":8,"status":200}
{"timestamp":"2026-06-24T13:16:10.771Z","user":"6a3bd8786049539f6cdc6063","operation":"GET /portfolio","parameters":{},"executionTime":4,"status":200}
{"timestamp":"2026-06-24T13:16:10.793Z","user":"6a3bd8786049539f6cdc6060","operation":"POST /sell","parameters":{"playerId":"6a3bd878bdc464e0aa3e907f","tokens":1},"executionTime":18,"status":201}
{"timestamp":"2026-06-24T13:16:10.798Z","user":"6a3bd8786049539f6cdc6060","operation":"GET /sell-posts","parameters":{},"executionTime":3,"status":200}
{"timestamp":"2026-06-24T13:16:10.799Z","user":"6a3bd8786049539f6cdc6060","operation":"GET /bids","parameters":{},"executionTime":3,"status":304}
{"timestamp":"2026-06-24T13:16:10.805Z","user":"6a3bd8786049539f6cdc6060","operation":"GET /portfolio","parameters":{},"executionTime":3,"status":200}
{"timestamp":"2026-06-24T13:16:10.812Z","user":"6a3bd8786049539f6cdc6061","operation":"GET /portfolio","parameters":{},"executionTime":5,"status":200}
{"timestamp":"2026-06-24T13:16:10.819Z","user":"6a3bd8786049539f6cdc6062","operation":"GET /portfolio","parameters":{},"executionTime":4,"status":200}
{"timestamp":"2026-06-24T13:16:10.824Z","user":"6a3bd8786049539f6cdc6063","operation":"GET /portfolio","parameters":{},"executionTime":3,"status":200}
{"timestamp":"2026-06-24T13:16:10.833Z","user":"6a3bd8786049539f6cdc6060","operation":"GET /portfolio","parameters":{},"executionTime":4,"status":200}
{"timestamp":"2026-06-24T13:16:10.839Z","user":"6a3bd8786049539f6cdc6061","operation":"GET /portfolio","parameters":{},"executionTime":5,"status":200}
{"timestamp":"2026-06-24T13:16:10.846Z","user":"6a3bd8786049539f6cdc6062","operation":"GET /portfolio","parameters":{},"executionTime":5,"status":200}
{"timestamp":"2026-06-24T13:16:10.852Z","user":"6a3bd8786049539f6cdc6063","operation":"GET /portfolio","parameters":{},"executionTime":4,"status":200}
{"timestamp":"2026-06-24T13:16:12.289Z","user":"anonymous","operation":"POST /advance-time","parameters":{},"executionTime":28,"status":200}
{"timestamp":"2026-06-24T13:16:12.712Z","user":"6a3bd8786049539f6cdc6060","operation":"POST /recalculate","parameters":{"strategy":"PerformanceWeighted"},"executionTime":16,"status":200}
{"timestamp":"2026-06-24T13:16:12.721Z","user":"6a3bd8786049539f6cdc6060","operation":"GET /ranking","parameters":{"limit":"50"},"executionTime":6,"status":200}
{"timestamp":"2026-06-24T13:16:13.137Z","user":"6a3bd8786049539f6cdc6060","operation":"GET /portfolio","parameters":{},"executionTime":9,"status":200}
{"timestamp":"2026-06-24T13:16:13.149Z","user":"6a3bd8786049539f6cdc6061","operation":"GET /portfolio","parameters":{},"executionTime":8,"status":200}
{"timestamp":"2026-06-24T13:16:13.160Z","user":"6a3bd8786049539f6cdc6062","operation":"GET /portfolio","parameters":{},"executionTime":6,"status":200}
{"timestamp":"2026-06-24T13:16:13.170Z","user":"6a3bd8786049539f6cdc6063","operation":"GET /portfolio","parameters":{},"executionTime":7,"status":200}
{"timestamp":"2026-06-24T13:16:13.210Z","user":"6a3bd8786049539f6cdc6061","operation":"POST /sell","parameters":{"playerId":"6a3bd878bdc464e0aa3e9083","tokens":1},"executionTime":35,"status":201}
{"timestamp":"2026-06-24T13:16:13.216Z","user":"6a3bd8786049539f6cdc6060","operation":"GET /sell-posts","parameters":{},"executionTime":3,"status":304}
{"timestamp":"2026-06-24T13:16:13.217Z","user":"6a3bd8786049539f6cdc6060","operation":"GET /bids","parameters":{},"executionTime":3,"status":200}
{"timestamp":"2026-06-24T13:16:13.225Z","user":"6a3bd8786049539f6cdc6060","operation":"GET /portfolio","parameters":{},"executionTime":5,"status":200}
{"timestamp":"2026-06-24T13:16:13.233Z","user":"6a3bd8786049539f6cdc6061","operation":"GET /portfolio","parameters":{},"executionTime":6,"status":200}
{"timestamp":"2026-06-24T13:16:13.239Z","user":"6a3bd8786049539f6cdc6062","operation":"GET /portfolio","parameters":{},"executionTime":5,"status":200}
{"timestamp":"2026-06-24T13:16:13.246Z","user":"6a3bd8786049539f6cdc6063","operation":"GET /portfolio","parameters":{},"executionTime":4,"status":200}
{"timestamp":"2026-06-24T13:16:13.593Z","user":"6a3bd8786049539f6cdc6063","operation":"POST /bid","parameters":{"playerId":"6a3bd878bdc464e0aa3e907f","tokens":3},"executionTime":40,"status":201}
{"timestamp":"2026-06-24T13:16:13.604Z","user":"6a3bd8786049539f6cdc6060","operation":"GET /sell-posts","parameters":{},"executionTime":6,"status":200}
{"timestamp":"2026-06-24T13:16:13.605Z","user":"6a3bd8786049539f6cdc6060","operation":"GET /bids","parameters":{},"executionTime":4,"status":200}
{"timestamp":"2026-06-24T13:16:13.613Z","user":"6a3bd8786049539f6cdc6060","operation":"GET /portfolio","parameters":{},"executionTime":4,"status":200}
{"timestamp":"2026-06-24T13:16:13.618Z","user":"6a3bd8786049539f6cdc6061","operation":"GET /portfolio","parameters":{},"executionTime":3,"status":200}
{"timestamp":"2026-06-24T13:16:13.625Z","user":"6a3bd8786049539f6cdc6062","operation":"GET /portfolio","parameters":{},"executionTime":4,"status":200}
{"timestamp":"2026-06-24T13:16:13.631Z","user":"6a3bd8786049539f6cdc6063","operation":"GET /portfolio","parameters":{},"executionTime":4,"status":200}
{"timestamp":"2026-06-24T13:16:13.638Z","user":"6a3bd8786049539f6cdc6060","operation":"GET /portfolio","parameters":{},"executionTime":4,"status":200}
{"timestamp":"2026-06-24T13:16:13.642Z","user":"6a3bd8786049539f6cdc6061","operation":"GET /portfolio","parameters":{},"executionTime":2,"status":200}
{"timestamp":"2026-06-24T13:16:13.648Z","user":"6a3bd8786049539f6cdc6062","operation":"GET /portfolio","parameters":{},"executionTime":4,"status":200}
{"timestamp":"2026-06-24T13:16:13.653Z","user":"6a3bd8786049539f6cdc6063","operation":"GET /portfolio","parameters":{},"executionTime":3,"status":200}
{"timestamp":"2026-06-24T13:16:15.093Z","user":"anonymous","operation":"POST /advance-time","parameters":{},"executionTime":32,"status":200}
{"timestamp":"2026-06-24T13:16:15.510Z","user":"6a3bd8786049539f6cdc6060","operation":"POST /recalculate","parameters":{"strategy":"PerformanceWeighted"},"executionTime":9,"status":200}
{"timestamp":"2026-06-24T13:16:15.520Z","user":"6a3bd8786049539f6cdc6060","operation":"GET /ranking","parameters":{"limit":"50"},"executionTime":7,"status":200}
{"timestamp":"2026-06-24T13:16:15.951Z","user":"6a3bd8786049539f6cdc6060","operation":"POST /bid","parameters":{"playerId":"6a3bd878bdc464e0aa3e9083","tokens":4},"executionTime":24,"status":201}
{"timestamp":"2026-06-24T13:16:15.960Z","user":"6a3bd8786049539f6cdc6060","operation":"GET /sell-posts","parameters":{},"executionTime":6,"status":304}
{"timestamp":"2026-06-24T13:16:15.961Z","user":"6a3bd8786049539f6cdc6060","operation":"GET /bids","parameters":{},"executionTime":3,"status":200}
{"timestamp":"2026-06-24T13:16:15.969Z","user":"6a3bd8786049539f6cdc6060","operation":"GET /portfolio","parameters":{},"executionTime":5,"status":200}
{"timestamp":"2026-06-24T13:16:15.977Z","user":"6a3bd8786049539f6cdc6061","operation":"GET /portfolio","parameters":{},"executionTime":6,"status":200}
{"timestamp":"2026-06-24T13:16:15.984Z","user":"6a3bd8786049539f6cdc6062","operation":"GET /portfolio","parameters":{},"executionTime":5,"status":200}
{"timestamp":"2026-06-24T13:16:15.992Z","user":"6a3bd8786049539f6cdc6063","operation":"GET /portfolio","parameters":{},"executionTime":5,"status":200}
{"timestamp":"2026-06-24T13:16:16.310Z","user":"6a3bd8786049539f6cdc6060","operation":"GET /portfolio","parameters":{},"executionTime":11,"status":200}
{"timestamp":"2026-06-24T13:16:16.324Z","user":"6a3bd8786049539f6cdc6061","operation":"GET /portfolio","parameters":{},"executionTime":9,"status":200}
{"timestamp":"2026-06-24T13:16:16.338Z","user":"6a3bd8786049539f6cdc6062","operation":"GET /portfolio","parameters":{},"executionTime":9,"status":200}
{"timestamp":"2026-06-24T13:16:16.348Z","user":"6a3bd8786049539f6cdc6063","operation":"GET /portfolio","parameters":{},"executionTime":8,"status":200}
{"timestamp":"2026-06-24T13:16:16.373Z","user":"6a3bd8786049539f6cdc6061","operation":"POST /sell","parameters":{"playerId":"6a3bd878bdc464e0aa3e9081","tokens":3},"executionTime":22,"status":201}
{"timestamp":"2026-06-24T13:16:16.383Z","user":"6a3bd8786049539f6cdc6060","operation":"GET /sell-posts","parameters":{},"executionTime":6,"status":200}
{"timestamp":"2026-06-24T13:16:16.383Z","user":"6a3bd8786049539f6cdc6060","operation":"GET /bids","parameters":{},"executionTime":4,"status":304}
{"timestamp":"2026-06-24T13:16:16.393Z","user":"6a3bd8786049539f6cdc6060","operation":"GET /portfolio","parameters":{},"executionTime":7,"status":200}
{"timestamp":"2026-06-24T13:16:16.403Z","user":"6a3bd8786049539f6cdc6061","operation":"GET /portfolio","parameters":{},"executionTime":6,"status":200}
{"timestamp":"2026-06-24T13:16:16.411Z","user":"6a3bd8786049539f6cdc6062","operation":"GET /portfolio","parameters":{},"executionTime":5,"status":200}
{"timestamp":"2026-06-24T13:16:16.417Z","user":"6a3bd8786049539f6cdc6063","operation":"GET /portfolio","parameters":{},"executionTime":4,"status":200}
{"timestamp":"2026-06-24T13:16:16.426Z","user":"6a3bd8786049539f6cdc6060","operation":"GET /portfolio","parameters":{},"executionTime":5,"status":200}
{"timestamp":"2026-06-24T13:16:16.433Z","user":"6a3bd8786049539f6cdc6061","operation":"GET /portfolio","parameters":{},"executionTime":5,"status":200}
{"timestamp":"2026-06-24T13:16:16.442Z","user":"6a3bd8786049539f6cdc6062","operation":"GET /portfolio","parameters":{},"executionTime":6,"status":200}
{"timestamp":"2026-06-24T13:16:16.452Z","user":"6a3bd8786049539f6cdc6063","operation":"GET /portfolio","parameters":{},"executionTime":7,"status":200}
{"timestamp":"2026-06-24T13:16:17.889Z","user":"anonymous","operation":"POST /advance-time","parameters":{},"executionTime":28,"status":200}
{"timestamp":"2026-06-24T13:16:18.312Z","user":"6a3bd8786049539f6cdc6060","operation":"POST /recalculate","parameters":{"strategy":"PerformanceWeighted"},"executionTime":15,"status":200}
{"timestamp":"2026-06-24T13:16:18.329Z","user":"6a3bd8786049539f6cdc6060","operation":"GET /ranking","parameters":{"limit":"50"},"executionTime":12,"status":200}
{"timestamp":"2026-06-24T13:16:18.749Z","user":"6a3bd8786049539f6cdc6060","operation":"GET /portfolio","parameters":{},"executionTime":10,"status":200}
{"timestamp":"2026-06-24T13:16:18.764Z","user":"6a3bd8786049539f6cdc6061","operation":"GET /portfolio","parameters":{},"executionTime":10,"status":200}
{"timestamp":"2026-06-24T13:16:18.773Z","user":"6a3bd8786049539f6cdc6062","operation":"GET /portfolio","parameters":{},"executionTime":6,"status":200}
{"timestamp":"2026-06-24T13:16:18.783Z","user":"6a3bd8786049539f6cdc6063","operation":"GET /portfolio","parameters":{},"executionTime":5,"status":200}
{"timestamp":"2026-06-24T13:16:18.826Z","user":"6a3bd8786049539f6cdc6063","operation":"POST /sell","parameters":{"playerId":"6a3bd878bdc464e0aa3e9085","tokens":3},"executionTime":39,"status":201}
{"timestamp":"2026-06-24T13:16:18.832Z","user":"6a3bd8786049539f6cdc6060","operation":"GET /sell-posts","parameters":{},"executionTime":3,"status":200}
{"timestamp":"2026-06-24T13:16:18.835Z","user":"6a3bd8786049539f6cdc6060","operation":"GET /bids","parameters":{},"executionTime":5,"status":200}
{"timestamp":"2026-06-24T13:16:18.842Z","user":"6a3bd8786049539f6cdc6060","operation":"GET /portfolio","parameters":{},"executionTime":5,"status":200}
{"timestamp":"2026-06-24T13:16:18.848Z","user":"6a3bd8786049539f6cdc6061","operation":"GET /portfolio","parameters":{},"executionTime":4,"status":200}
{"timestamp":"2026-06-24T13:16:18.854Z","user":"6a3bd8786049539f6cdc6062","operation":"GET /portfolio","parameters":{},"executionTime":4,"status":200}
{"timestamp":"2026-06-24T13:16:18.860Z","user":"6a3bd8786049539f6cdc6063","operation":"GET /portfolio","parameters":{},"executionTime":4,"status":200}
{"timestamp":"2026-06-24T13:16:19.187Z","user":"6a3bd8786049539f6cdc6062","operation":"POST /bid","parameters":{"playerId":"6a3bd878bdc464e0aa3e9085","tokens":1},"executionTime":22,"status":201}
{"timestamp":"2026-06-24T13:16:19.195Z","user":"6a3bd8786049539f6cdc6060","operation":"GET /sell-posts","parameters":{},"executionTime":4,"status":200}
{"timestamp":"2026-06-24T13:16:19.196Z","user":"6a3bd8786049539f6cdc6060","operation":"GET /bids","parameters":{},"executionTime":3,"status":304}
{"timestamp":"2026-06-24T13:16:19.205Z","user":"6a3bd8786049539f6cdc6060","operation":"GET /portfolio","parameters":{},"executionTime":4,"status":200}
{"timestamp":"2026-06-24T13:16:19.212Z","user":"6a3bd8786049539f6cdc6061","operation":"GET /portfolio","parameters":{},"executionTime":4,"status":200}
{"timestamp":"2026-06-24T13:16:19.220Z","user":"6a3bd8786049539f6cdc6062","operation":"GET /portfolio","parameters":{},"executionTime":5,"status":200}
{"timestamp":"2026-06-24T13:16:19.227Z","user":"6a3bd8786049539f6cdc6063","operation":"GET /portfolio","parameters":{},"executionTime":4,"status":200}
{"timestamp":"2026-06-24T13:16:19.235Z","user":"6a3bd8786049539f6cdc6060","operation":"GET /portfolio","parameters":{},"executionTime":4,"status":200}
{"timestamp":"2026-06-24T13:16:19.241Z","user":"6a3bd8786049539f6cdc6061","operation":"GET /portfolio","parameters":{},"executionTime":4,"status":200}
{"timestamp":"2026-06-24T13:16:19.247Z","user":"6a3bd8786049539f6cdc6062","operation":"GET /portfolio","parameters":{},"executionTime":4,"status":200}
{"timestamp":"2026-06-24T13:16:19.254Z","user":"6a3bd8786049539f6cdc6063","operation":"GET /portfolio","parameters":{},"executionTime":5,"status":200}
{"timestamp":"2026-06-24T13:16:20.695Z","user":"anonymous","operation":"POST /advance-time","parameters":{},"executionTime":30,"status":200}
{"timestamp":"2026-06-24T13:16:21.113Z","user":"6a3bd8786049539f6cdc6060","operation":"POST /recalculate","parameters":{"strategy":"PerformanceWeighted"},"executionTime":11,"status":200}
{"timestamp":"2026-06-24T13:16:21.123Z","user":"6a3bd8786049539f6cdc6060","operation":"GET /ranking","parameters":{"limit":"50"},"executionTime":8,"status":200}
{"timestamp":"2026-06-24T13:16:21.549Z","user":"6a3bd8786049539f6cdc6060","operation":"POST /bid","parameters":{"playerId":"6a3bd878bdc464e0aa3e9087","tokens":4},"executionTime":21,"status":201}
{"timestamp":"2026-06-24T13:16:21.557Z","user":"6a3bd8786049539f6cdc6060","operation":"GET /sell-posts","parameters":{},"executionTime":5,"status":304}
{"timestamp":"2026-06-24T13:16:21.558Z","user":"6a3bd8786049539f6cdc6060","operation":"GET /bids","parameters":{},"executionTime":4,"status":200}
{"timestamp":"2026-06-24T13:16:21.566Z","user":"6a3bd8786049539f6cdc6060","operation":"GET /portfolio","parameters":{},"executionTime":4,"status":200}
{"timestamp":"2026-06-24T13:16:21.573Z","user":"6a3bd8786049539f6cdc6061","operation":"GET /portfolio","parameters":{},"executionTime":5,"status":200}
{"timestamp":"2026-06-24T13:16:21.582Z","user":"6a3bd8786049539f6cdc6062","operation":"GET /portfolio","parameters":{},"executionTime":7,"status":200}
{"timestamp":"2026-06-24T13:16:21.590Z","user":"6a3bd8786049539f6cdc6063","operation":"GET /portfolio","parameters":{},"executionTime":7,"status":200}
{"timestamp":"2026-06-24T13:16:21.905Z","user":"6a3bd8786049539f6cdc6060","operation":"GET /portfolio","parameters":{},"executionTime":11,"status":200}
{"timestamp":"2026-06-24T13:16:21.915Z","user":"6a3bd8786049539f6cdc6061","operation":"GET /portfolio","parameters":{},"executionTime":7,"status":200}
{"timestamp":"2026-06-24T13:16:21.924Z","user":"6a3bd8786049539f6cdc6062","operation":"GET /portfolio","parameters":{},"executionTime":7,"status":200}
{"timestamp":"2026-06-24T13:16:21.933Z","user":"6a3bd8786049539f6cdc6063","operation":"GET /portfolio","parameters":{},"executionTime":7,"status":200}
{"timestamp":"2026-06-24T13:16:21.954Z","user":"6a3bd8786049539f6cdc6062","operation":"POST /sell","parameters":{"playerId":"6a3bd878bdc464e0aa3e9085","tokens":3},"executionTime":18,"status":201}
{"timestamp":"2026-06-24T13:16:21.961Z","user":"6a3bd8786049539f6cdc6060","operation":"GET /sell-posts","parameters":{},"executionTime":4,"status":200}
{"timestamp":"2026-06-24T13:16:21.962Z","user":"6a3bd8786049539f6cdc6060","operation":"GET /bids","parameters":{},"executionTime":3,"status":304}
{"timestamp":"2026-06-24T13:16:21.971Z","user":"6a3bd8786049539f6cdc6060","operation":"GET /portfolio","parameters":{},"executionTime":5,"status":200}
{"timestamp":"2026-06-24T13:16:21.979Z","user":"6a3bd8786049539f6cdc6061","operation":"GET /portfolio","parameters":{},"executionTime":4,"status":200}
{"timestamp":"2026-06-24T13:16:21.987Z","user":"6a3bd8786049539f6cdc6062","operation":"GET /portfolio","parameters":{},"executionTime":4,"status":200}
{"timestamp":"2026-06-24T13:16:21.995Z","user":"6a3bd8786049539f6cdc6063","operation":"GET /portfolio","parameters":{},"executionTime":6,"status":200}
{"timestamp":"2026-06-24T13:16:22.006Z","user":"6a3bd8786049539f6cdc6060","operation":"GET /portfolio","parameters":{},"executionTime":5,"status":200}
{"timestamp":"2026-06-24T13:16:22.013Z","user":"6a3bd8786049539f6cdc6061","operation":"GET /portfolio","parameters":{},"executionTime":5,"status":200}
{"timestamp":"2026-06-24T13:16:22.019Z","user":"6a3bd8786049539f6cdc6062","operation":"GET /portfolio","parameters":{},"executionTime":5,"status":200}
{"timestamp":"2026-06-24T13:16:22.026Z","user":"6a3bd8786049539f6cdc6063","operation":"GET /portfolio","parameters":{},"executionTime":5,"status":200}
